#
# There is insufficient memory for the Java Runtime Environment to continue.
# Native memory allocation (malloc) failed to allocate 329776 bytes for Chunk::new
# Possible reasons:
#   The system is out of physical RAM or swap space
#   The process is running with CompressedOops enabled, and the Java Heap may be blocking the growth of the native heap
# Possible solutions:
#   Reduce memory load on the system
#   Increase physical memory or swap space
#   Check if swap backing store is full
#   Decrease Java heap size (-Xmx/-Xms)
#   Decrease number of Java threads
#
#  Out of Memory Error (arena.cpp:195), pid=13736, tid=12588
#
# JRE version: OpenJDK Runtime Environment Corretto-16.0.2.7.1 (16.0.2+7) (build 16.0.2+7)
# Java VM: OpenJDK 64-Bit Server VM Corretto-16.0.2.7.1 (16.0.2+7, mixed mode, tiered, compressed oops, compressed class ptrs, g1 gc, windows-amd64)
# No core dump will be written. Minidumps are not enabled by default on client versions of Windows
#

---------------  S U M M A R Y ------------

Command Line: -javaagent:C:\Program Files\JetBrains\IntelliJ IDEA Community Edition 2022.1\lib\idea_rt.jar=56891:C:\Program Files\JetBrains\IntelliJ IDEA Community Edition 2022.1\bin -Dfile.encoding=UTF-8 MaiorQue0Kt

Host: Intel(R) Core(TM) i5-6200U CPU @ 2.30GHz, 4 cores, 7G,  Windows 10 , 64 bit Build 19041 (10.0.19041.1706)
Time: Mon May 16 11:12:03 2022 Hora oficial do Brasil elapsed time: 1.131547 seconds (0d 0h 0m 1s)

---------------  T H R E A D  ---------------

Current thread (0x0000028047b55440):  JavaThread "C2 CompilerThread0" daemon [_thread_in_native, id=12588, stack(0x000000eda0800000,0x000000eda0900000)]


Current CompileTask:
C2:   1131  274       4       java.util.HashMap::put (13 bytes)

Stack: [0x000000eda0800000,0x000000eda0900000]
Native frames: (J=compiled Java code, j=interpreted, Vv=VM code, C=native code)
V  [jvm.dll+0x647e0a]
V  [jvm.dll+0x7f0549]
V  [jvm.dll+0x7f1cfe]
V  [jvm.dll+0x7f2343]
V  [jvm.dll+0x23dd88]
V  [jvm.dll+0xc879a]
V  [jvm.dll+0xc8d4c]
V  [jvm.dll+0x3515d2]
V  [jvm.dll+0x31b53f]
V  [jvm.dll+0x31a97a]
V  [jvm.dll+0x210990]
V  [jvm.dll+0x20ff17]
V  [jvm.dll+0x1a0d9b]
V  [jvm.dll+0x21f909]
V  [jvm.dll+0x21da9b]
V  [jvm.dll+0x7a8662]
V  [jvm.dll+0x7a223a]
V  [jvm.dll+0x646c46]
C  [ucrtbase.dll+0x21bb2]
C  [KERNEL32.DLL+0x17034]
C  [ntdll.dll+0x52651]


---------------  P R O C E S S  ---------------

Threads class SMR info:
_java_thread_list=0x00000280488223a0, length=13, elements={
0x00000280271d23e0, 0x0000028047b16250, 0x0000028047b17950, 0x0000028047b4a3c0,
0x0000028047b4dee0, 0x0000028047b4f080, 0x0000028047b50220, 0x0000028047b55440,
0x0000028047b55f30, 0x0000028047b59120, 0x00000280272b7670, 0x0000028048754da0,
0x0000028048748e10
}

Java Threads: ( => current thread )
  0x00000280271d23e0 JavaThread "main" [_thread_in_native, id=6688, stack(0x000000ed9fb00000,0x000000ed9fc00000)]
  0x0000028047b16250 JavaThread "Reference Handler" daemon [_thread_blocked, id=5692, stack(0x000000eda0200000,0x000000eda0300000)]
  0x0000028047b17950 JavaThread "Finalizer" daemon [_thread_blocked, id=13900, stack(0x000000eda0300000,0x000000eda0400000)]
  0x0000028047b4a3c0 JavaThread "Signal Dispatcher" daemon [_thread_blocked, id=10556, stack(0x000000eda0400000,0x000000eda0500000)]
  0x0000028047b4dee0 JavaThread "Attach Listener" daemon [_thread_blocked, id=12968, stack(0x000000eda0500000,0x000000eda0600000)]
  0x0000028047b4f080 JavaThread "Service Thread" daemon [_thread_blocked, id=11696, stack(0x000000eda0600000,0x000000eda0700000)]
  0x0000028047b50220 JavaThread "Monitor Deflation Thread" daemon [_thread_blocked, id=11908, stack(0x000000eda0700000,0x000000eda0800000)]
=>0x0000028047b55440 JavaThread "C2 CompilerThread0" daemon [_thread_in_native, id=12588, stack(0x000000eda0800000,0x000000eda0900000)]
  0x0000028047b55f30 JavaThread "C1 CompilerThread0" daemon [_thread_blocked, id=13352, stack(0x000000eda0900000,0x000000eda0a00000)]
  0x0000028047b59120 JavaThread "Sweeper thread" daemon [_thread_blocked, id=13392, stack(0x000000eda0a00000,0x000000eda0b00000)]
  0x00000280272b7670 JavaThread "Common-Cleaner" daemon [_thread_blocked, id=6848, stack(0x000000eda0b00000,0x000000eda0c00000)]
  0x0000028048754da0 JavaThread "Monitor Ctrl-Break" daemon [_thread_in_native, id=11204, stack(0x000000eda0c00000,0x000000eda0d00000)]
  0x0000028048748e10 JavaThread "Notification Thread" daemon [_thread_blocked, id=12232, stack(0x000000eda0d00000,0x000000eda0e00000)]

Other Threads:
  0x0000028047aff020 VMThread "VM Thread" [stack: 0x000000eda0100000,0x000000eda0200000] [id=5988]
  0x00000280487552c0 WatcherThread [stack: 0x000000eda0e00000,0x000000eda0f00000] [id=9904]
  0x00000280272117a0 GCTaskThread "GC Thread#0" [stack: 0x000000ed9fc00000,0x000000ed9fd00000] [id=9292]
  0x00000280272234b0 ConcurrentGCThread "G1 Main Marker" [stack: 0x000000ed9fd00000,0x000000ed9fe00000] [id=7004]
  0x0000028027225330 ConcurrentGCThread "G1 Conc#0" [stack: 0x000000ed9fe00000,0x000000ed9ff00000] [id=720]
  0x000002802729d5c0 ConcurrentGCThread "G1 Refine#0" [stack: 0x000000ed9ff00000,0x000000eda0000000] [id=3596]
  0x000002802729f050 ConcurrentGCThread "G1 Service" [stack: 0x000000eda0000000,0x000000eda0100000] [id=1936]

Threads with active compile tasks:
C2 CompilerThread0     1181  274       4       java.util.HashMap::put (13 bytes)

VM state: not at safepoint (normal execution)

VM Mutex/Monitor currently owned by a thread: None

Heap address: 0x0000000081a00000, size: 2022 MB, Compressed Oops mode: 32-bit

CDS disabled.
Compressed class space mapped at: 0x0000000100000000-0x0000000140000000, reserved size: 1073741824
Narrow klass base: 0x0000000000000000, Narrow klass shift: 3, Narrow klass range: 0x140000000

GC Precious Log:
 CPUs: 4 total, 4 available
 Memory: 8083M
 Large Page Support: Disabled
 NUMA Support: Disabled
 Compressed Oops: Enabled (32-bit)
 Heap Region Size: 1M
 Heap Min Capacity: 8M
 Heap Initial Capacity: 128M
 Heap Max Capacity: 2022M
 Pre-touch: Disabled
 Parallel Workers: 4
 Concurrent Workers: 1
 Concurrent Refinement Workers: 4
 Periodic GC: Disabled

Heap:
 garbage-first heap   total 131072K, used 3072K [0x0000000081a00000, 0x0000000100000000)
  region size 1024K, 4 young (4096K), 0 survivors (0K)
 Metaspace       used 8101K, committed 8256K, reserved 1056768K
  class space    used 676K, committed 768K, reserved 1048576K

Heap Regions: E=young(eden), S=young(survivor), O=old, HS=humongous(starts), HC=humongous(continues), CS=collection set, F=free, OA=open archive, CA=closed archive, TAMS=top-at-mark-start (previous, next)
|   0|0x0000000081a00000, 0x0000000081a00000, 0x0000000081b00000|  0%| F|  |TAMS 0x0000000081a00000, 0x0000000081a00000| Untracked 
|   1|0x0000000081b00000, 0x0000000081b00000, 0x0000000081c00000|  0%| F|  |TAMS 0x0000000081b00000, 0x0000000081b00000| Untracked 
|   2|0x0000000081c00000, 0x0000000081c00000, 0x0000000081d00000|  0%| F|  |TAMS 0x0000000081c00000, 0x0000000081c00000| Untracked 
|   3|0x0000000081d00000, 0x0000000081d00000, 0x0000000081e00000|  0%| F|  |TAMS 0x0000000081d00000, 0x0000000081d00000| Untracked 
|   4|0x0000000081e00000, 0x0000000081e00000, 0x0000000081f00000|  0%| F|  |TAMS 0x0000000081e00000, 0x0000000081e00000| Untracked 
|   5|0x0000000081f00000, 0x0000000081f00000, 0x0000000082000000|  0%| F|  |TAMS 0x0000000081f00000, 0x0000000081f00000| Untracked 
|   6|0x0000000082000000, 0x0000000082000000, 0x0000000082100000|  0%| F|  |TAMS 0x0000000082000000, 0x0000000082000000| Untracked 
|   7|0x0000000082100000, 0x0000000082100000, 0x0000000082200000|  0%| F|  |TAMS 0x0000000082100000, 0x0000000082100000| Untracked 
|   8|0x0000000082200000, 0x0000000082200000, 0x0000000082300000|  0%| F|  |TAMS 0x0000000082200000, 0x0000000082200000| Untracked 
|   9|0x0000000082300000, 0x0000000082300000, 0x0000000082400000|  0%| F|  |TAMS 0x0000000082300000, 0x0000000082300000| Untracked 
|  10|0x0000000082400000, 0x0000000082400000, 0x0000000082500000|  0%| F|  |TAMS 0x0000000082400000, 0x0000000082400000| Untracked 
|  11|0x0000000082500000, 0x0000000082500000, 0x0000000082600000|  0%| F|  |TAMS 0x0000000082500000, 0x0000000082500000| Untracked 
|  12|0x0000000082600000, 0x0000000082600000, 0x0000000082700000|  0%| F|  |TAMS 0x0000000082600000, 0x0000000082600000| Untracked 
|  13|0x0000000082700000, 0x0000000082700000, 0x0000000082800000|  0%| F|  |TAMS 0x0000000082700000, 0x0000000082700000| Untracked 
|  14|0x0000000082800000, 0x0000000082800000, 0x0000000082900000|  0%| F|  |TAMS 0x0000000082800000, 0x0000000082800000| Untracked 
|  15|0x0000000082900000, 0x0000000082900000, 0x0000000082a00000|  0%| F|  |TAMS 0x0000000082900000, 0x0000000082900000| Untracked 
|  16|0x0000000082a00000, 0x0000000082a00000, 0x0000000082b00000|  0%| F|  |TAMS 0x0000000082a00000, 0x0000000082a00000| Untracked 
|  17|0x0000000082b00000, 0x0000000082b00000, 0x0000000082c00000|  0%| F|  |TAMS 0x0000000082b00000, 0x0000000082b00000| Untracked 
|  18|0x0000000082c00000, 0x0000000082c00000, 0x0000000082d00000|  0%| F|  |TAMS 0x0000000082c00000, 0x0000000082c00000| Untracked 
|  19|0x0000000082d00000, 0x0000000082d00000, 0x0000000082e00000|  0%| F|  |TAMS 0x0000000082d00000, 0x0000000082d00000| Untracked 
|  20|0x0000000082e00000, 0x0000000082e00000, 0x0000000082f00000|  0%| F|  |TAMS 0x0000000082e00000, 0x0000000082e00000| Untracked 
|  21|0x0000000082f00000, 0x0000000082f00000, 0x0000000083000000|  0%| F|  |TAMS 0x0000000082f00000, 0x0000000082f00000| Untracked 
|  22|0x0000000083000000, 0x0000000083000000, 0x0000000083100000|  0%| F|  |TAMS 0x0000000083000000, 0x0000000083000000| Untracked 
|  23|0x0000000083100000, 0x0000000083100000, 0x0000000083200000|  0%| F|  |TAMS 0x0000000083100000, 0x0000000083100000| Untracked 
|  24|0x0000000083200000, 0x0000000083200000, 0x0000000083300000|  0%| F|  |TAMS 0x0000000083200000, 0x0000000083200000| Untracked 
|  25|0x0000000083300000, 0x0000000083300000, 0x0000000083400000|  0%| F|  |TAMS 0x0000000083300000, 0x0000000083300000| Untracked 
|  26|0x0000000083400000, 0x0000000083400000, 0x0000000083500000|  0%| F|  |TAMS 0x0000000083400000, 0x0000000083400000| Untracked 
|  27|0x0000000083500000, 0x0000000083500000, 0x0000000083600000|  0%| F|  |TAMS 0x0000000083500000, 0x0000000083500000| Untracked 
|  28|0x0000000083600000, 0x0000000083600000, 0x0000000083700000|  0%| F|  |TAMS 0x0000000083600000, 0x0000000083600000| Untracked 
|  29|0x0000000083700000, 0x0000000083700000, 0x0000000083800000|  0%| F|  |TAMS 0x0000000083700000, 0x0000000083700000| Untracked 
|  30|0x0000000083800000, 0x0000000083800000, 0x0000000083900000|  0%| F|  |TAMS 0x0000000083800000, 0x0000000083800000| Untracked 
|  31|0x0000000083900000, 0x0000000083900000, 0x0000000083a00000|  0%| F|  |TAMS 0x0000000083900000, 0x0000000083900000| Untracked 
|  32|0x0000000083a00000, 0x0000000083a00000, 0x0000000083b00000|  0%| F|  |TAMS 0x0000000083a00000, 0x0000000083a00000| Untracked 
|  33|0x0000000083b00000, 0x0000000083b00000, 0x0000000083c00000|  0%| F|  |TAMS 0x0000000083b00000, 0x0000000083b00000| Untracked 
|  34|0x0000000083c00000, 0x0000000083c00000, 0x0000000083d00000|  0%| F|  |TAMS 0x0000000083c00000, 0x0000000083c00000| Untracked 
|  35|0x0000000083d00000, 0x0000000083d00000, 0x0000000083e00000|  0%| F|  |TAMS 0x0000000083d00000, 0x0000000083d00000| Untracked 
|  36|0x0000000083e00000, 0x0000000083e00000, 0x0000000083f00000|  0%| F|  |TAMS 0x0000000083e00000, 0x0000000083e00000| Untracked 
|  37|0x0000000083f00000, 0x0000000083f00000, 0x0000000084000000|  0%| F|  |TAMS 0x0000000083f00000, 0x0000000083f00000| Untracked 
|  38|0x0000000084000000, 0x0000000084000000, 0x0000000084100000|  0%| F|  |TAMS 0x0000000084000000, 0x0000000084000000| Untracked 
|  39|0x0000000084100000, 0x0000000084100000, 0x0000000084200000|  0%| F|  |TAMS 0x0000000084100000, 0x0000000084100000| Untracked 
|  40|0x0000000084200000, 0x0000000084200000, 0x0000000084300000|  0%| F|  |TAMS 0x0000000084200000, 0x0000000084200000| Untracked 
|  41|0x0000000084300000, 0x0000000084300000, 0x0000000084400000|  0%| F|  |TAMS 0x0000000084300000, 0x0000000084300000| Untracked 
|  42|0x0000000084400000, 0x0000000084400000, 0x0000000084500000|  0%| F|  |TAMS 0x0000000084400000, 0x0000000084400000| Untracked 
|  43|0x0000000084500000, 0x0000000084500000, 0x0000000084600000|  0%| F|  |TAMS 0x0000000084500000, 0x0000000084500000| Untracked 
|  44|0x0000000084600000, 0x0000000084600000, 0x0000000084700000|  0%| F|  |TAMS 0x0000000084600000, 0x0000000084600000| Untracked 
|  45|0x0000000084700000, 0x0000000084700000, 0x0000000084800000|  0%| F|  |TAMS 0x0000000084700000, 0x0000000084700000| Untracked 
|  46|0x0000000084800000, 0x0000000084800000, 0x0000000084900000|  0%| F|  |TAMS 0x0000000084800000, 0x0000000084800000| Untracked 
|  47|0x0000000084900000, 0x0000000084900000, 0x0000000084a00000|  0%| F|  |TAMS 0x0000000084900000, 0x0000000084900000| Untracked 
|  48|0x0000000084a00000, 0x0000000084a00000, 0x0000000084b00000|  0%| F|  |TAMS 0x0000000084a00000, 0x0000000084a00000| Untracked 
|  49|0x0000000084b00000, 0x0000000084b00000, 0x0000000084c00000|  0%| F|  |TAMS 0x0000000084b00000, 0x0000000084b00000| Untracked 
|  50|0x0000000084c00000, 0x0000000084c00000, 0x0000000084d00000|  0%| F|  |TAMS 0x0000000084c00000, 0x0000000084c00000| Untracked 
|  51|0x0000000084d00000, 0x0000000084d00000, 0x0000000084e00000|  0%| F|  |TAMS 0x0000000084d00000, 0x0000000084d00000| Untracked 
|  52|0x0000000084e00000, 0x0000000084e00000, 0x0000000084f00000|  0%| F|  |TAMS 0x0000000084e00000, 0x0000000084e00000| Untracked 
|  53|0x0000000084f00000, 0x0000000084f00000, 0x0000000085000000|  0%| F|  |TAMS 0x0000000084f00000, 0x0000000084f00000| Untracked 
|  54|0x0000000085000000, 0x0000000085000000, 0x0000000085100000|  0%| F|  |TAMS 0x0000000085000000, 0x0000000085000000| Untracked 
|  55|0x0000000085100000, 0x0000000085100000, 0x0000000085200000|  0%| F|  |TAMS 0x0000000085100000, 0x0000000085100000| Untracked 
|  56|0x0000000085200000, 0x0000000085200000, 0x0000000085300000|  0%| F|  |TAMS 0x0000000085200000, 0x0000000085200000| Untracked 
|  57|0x0000000085300000, 0x0000000085300000, 0x0000000085400000|  0%| F|  |TAMS 0x0000000085300000, 0x0000000085300000| Untracked 
|  58|0x0000000085400000, 0x0000000085400000, 0x0000000085500000|  0%| F|  |TAMS 0x0000000085400000, 0x0000000085400000| Untracked 
|  59|0x0000000085500000, 0x0000000085500000, 0x0000000085600000|  0%| F|  |TAMS 0x0000000085500000, 0x0000000085500000| Untracked 
|  60|0x0000000085600000, 0x0000000085600000, 0x0000000085700000|  0%| F|  |TAMS 0x0000000085600000, 0x0000000085600000| Untracked 
|  61|0x0000000085700000, 0x0000000085700000, 0x0000000085800000|  0%| F|  |TAMS 0x0000000085700000, 0x0000000085700000| Untracked 
|  62|0x0000000085800000, 0x0000000085800000, 0x0000000085900000|  0%| F|  |TAMS 0x0000000085800000, 0x0000000085800000| Untracked 
|  63|0x0000000085900000, 0x0000000085900000, 0x0000000085a00000|  0%| F|  |TAMS 0x0000000085900000, 0x0000000085900000| Untracked 
|  64|0x0000000085a00000, 0x0000000085a00000, 0x0000000085b00000|  0%| F|  |TAMS 0x0000000085a00000, 0x0000000085a00000| Untracked 
|  65|0x0000000085b00000, 0x0000000085b00000, 0x0000000085c00000|  0%| F|  |TAMS 0x0000000085b00000, 0x0000000085b00000| Untracked 
|  66|0x0000000085c00000, 0x0000000085c00000, 0x0000000085d00000|  0%| F|  |TAMS 0x0000000085c00000, 0x0000000085c00000| Untracked 
|  67|0x0000000085d00000, 0x0000000085d00000, 0x0000000085e00000|  0%| F|  |TAMS 0x0000000085d00000, 0x0000000085d00000| Untracked 
|  68|0x0000000085e00000, 0x0000000085e00000, 0x0000000085f00000|  0%| F|  |TAMS 0x0000000085e00000, 0x0000000085e00000| Untracked 
|  69|0x0000000085f00000, 0x0000000085f00000, 0x0000000086000000|  0%| F|  |TAMS 0x0000000085f00000, 0x0000000085f00000| Untracked 
|  70|0x0000000086000000, 0x0000000086000000, 0x0000000086100000|  0%| F|  |TAMS 0x0000000086000000, 0x0000000086000000| Untracked 
|  71|0x0000000086100000, 0x0000000086100000, 0x0000000086200000|  0%| F|  |TAMS 0x0000000086100000, 0x0000000086100000| Untracked 
|  72|0x0000000086200000, 0x0000000086200000, 0x0000000086300000|  0%| F|  |TAMS 0x0000000086200000, 0x0000000086200000| Untracked 
|  73|0x0000000086300000, 0x0000000086300000, 0x0000000086400000|  0%| F|  |TAMS 0x0000000086300000, 0x0000000086300000| Untracked 
|  74|0x0000000086400000, 0x0000000086400000, 0x0000000086500000|  0%| F|  |TAMS 0x0000000086400000, 0x0000000086400000| Untracked 
|  75|0x0000000086500000, 0x0000000086500000, 0x0000000086600000|  0%| F|  |TAMS 0x0000000086500000, 0x0000000086500000| Untracked 
|  76|0x0000000086600000, 0x0000000086600000, 0x0000000086700000|  0%| F|  |TAMS 0x0000000086600000, 0x0000000086600000| Untracked 
|  77|0x0000000086700000, 0x0000000086700000, 0x0000000086800000|  0%| F|  |TAMS 0x0000000086700000, 0x0000000086700000| Untracked 
|  78|0x0000000086800000, 0x0000000086800000, 0x0000000086900000|  0%| F|  |TAMS 0x0000000086800000, 0x0000000086800000| Untracked 
|  79|0x0000000086900000, 0x0000000086900000, 0x0000000086a00000|  0%| F|  |TAMS 0x0000000086900000, 0x0000000086900000| Untracked 
|  80|0x0000000086a00000, 0x0000000086a00000, 0x0000000086b00000|  0%| F|  |TAMS 0x0000000086a00000, 0x0000000086a00000| Untracked 
|  81|0x0000000086b00000, 0x0000000086b00000, 0x0000000086c00000|  0%| F|  |TAMS 0x0000000086b00000, 0x0000000086b00000| Untracked 
|  82|0x0000000086c00000, 0x0000000086c00000, 0x0000000086d00000|  0%| F|  |TAMS 0x0000000086c00000, 0x0000000086c00000| Untracked 
|  83|0x0000000086d00000, 0x0000000086d00000, 0x0000000086e00000|  0%| F|  |TAMS 0x0000000086d00000, 0x0000000086d00000| Untracked 
|  84|0x0000000086e00000, 0x0000000086e00000, 0x0000000086f00000|  0%| F|  |TAMS 0x0000000086e00000, 0x0000000086e00000| Untracked 
|  85|0x0000000086f00000, 0x0000000086f00000, 0x0000000087000000|  0%| F|  |TAMS 0x0000000086f00000, 0x0000000086f00000| Untracked 
|  86|0x0000000087000000, 0x0000000087000000, 0x0000000087100000|  0%| F|  |TAMS 0x0000000087000000, 0x0000000087000000| Untracked 
|  87|0x0000000087100000, 0x0000000087100000, 0x0000000087200000|  0%| F|  |TAMS 0x0000000087100000, 0x0000000087100000| Untracked 
|  88|0x0000000087200000, 0x0000000087200000, 0x0000000087300000|  0%| F|  |TAMS 0x0000000087200000, 0x0000000087200000| Untracked 
|  89|0x0000000087300000, 0x0000000087300000, 0x0000000087400000|  0%| F|  |TAMS 0x0000000087300000, 0x0000000087300000| Untracked 
|  90|0x0000000087400000, 0x0000000087400000, 0x0000000087500000|  0%| F|  |TAMS 0x0000000087400000, 0x0000000087400000| Untracked 
|  91|0x0000000087500000, 0x0000000087500000, 0x0000000087600000|  0%| F|  |TAMS 0x0000000087500000, 0x0000000087500000| Untracked 
|  92|0x0000000087600000, 0x0000000087600000, 0x0000000087700000|  0%| F|  |TAMS 0x0000000087600000, 0x0000000087600000| Untracked 
|  93|0x0000000087700000, 0x0000000087700000, 0x0000000087800000|  0%| F|  |TAMS 0x0000000087700000, 0x0000000087700000| Untracked 
|  94|0x0000000087800000, 0x0000000087800000, 0x0000000087900000|  0%| F|  |TAMS 0x0000000087800000, 0x0000000087800000| Untracked 
|  95|0x0000000087900000, 0x0000000087900000, 0x0000000087a00000|  0%| F|  |TAMS 0x0000000087900000, 0x0000000087900000| Untracked 
|  96|0x0000000087a00000, 0x0000000087a00000, 0x0000000087b00000|  0%| F|  |TAMS 0x0000000087a00000, 0x0000000087a00000| Untracked 
|  97|0x0000000087b00000, 0x0000000087b00000, 0x0000000087c00000|  0%| F|  |TAMS 0x0000000087b00000, 0x0000000087b00000| Untracked 
|  98|0x0000000087c00000, 0x0000000087c00000, 0x0000000087d00000|  0%| F|  |TAMS 0x0000000087c00000, 0x0000000087c00000| Untracked 
|  99|0x0000000087d00000, 0x0000000087d00000, 0x0000000087e00000|  0%| F|  |TAMS 0x0000000087d00000, 0x0000000087d00000| Untracked 
| 100|0x0000000087e00000, 0x0000000087e00000, 0x0000000087f00000|  0%| F|  |TAMS 0x0000000087e00000, 0x0000000087e00000| Untracked 
| 101|0x0000000087f00000, 0x0000000087f00000, 0x0000000088000000|  0%| F|  |TAMS 0x0000000087f00000, 0x0000000087f00000| Untracked 
| 102|0x0000000088000000, 0x0000000088000000, 0x0000000088100000|  0%| F|  |TAMS 0x0000000088000000, 0x0000000088000000| Untracked 
| 103|0x0000000088100000, 0x0000000088100000, 0x0000000088200000|  0%| F|  |TAMS 0x0000000088100000, 0x0000000088100000| Untracked 
| 104|0x0000000088200000, 0x0000000088200000, 0x0000000088300000|  0%| F|  |TAMS 0x0000000088200000, 0x0000000088200000| Untracked 
| 105|0x0000000088300000, 0x0000000088300000, 0x0000000088400000|  0%| F|  |TAMS 0x0000000088300000, 0x0000000088300000| Untracked 
| 106|0x0000000088400000, 0x0000000088400000, 0x0000000088500000|  0%| F|  |TAMS 0x0000000088400000, 0x0000000088400000| Untracked 
| 107|0x0000000088500000, 0x0000000088500000, 0x0000000088600000|  0%| F|  |TAMS 0x0000000088500000, 0x0000000088500000| Untracked 
| 108|0x0000000088600000, 0x0000000088600000, 0x0000000088700000|  0%| F|  |TAMS 0x0000000088600000, 0x0000000088600000| Untracked 
| 109|0x0000000088700000, 0x0000000088700000, 0x0000000088800000|  0%| F|  |TAMS 0x0000000088700000, 0x0000000088700000| Untracked 
| 110|0x0000000088800000, 0x0000000088800000, 0x0000000088900000|  0%| F|  |TAMS 0x0000000088800000, 0x0000000088800000| Untracked 
| 111|0x0000000088900000, 0x0000000088900000, 0x0000000088a00000|  0%| F|  |TAMS 0x0000000088900000, 0x0000000088900000| Untracked 
| 112|0x0000000088a00000, 0x0000000088a00000, 0x0000000088b00000|  0%| F|  |TAMS 0x0000000088a00000, 0x0000000088a00000| Untracked 
| 113|0x0000000088b00000, 0x0000000088b00000, 0x0000000088c00000|  0%| F|  |TAMS 0x0000000088b00000, 0x0000000088b00000| Untracked 
| 114|0x0000000088c00000, 0x0000000088c00000, 0x0000000088d00000|  0%| F|  |TAMS 0x0000000088c00000, 0x0000000088c00000| Untracked 
| 115|0x0000000088d00000, 0x0000000088d00000, 0x0000000088e00000|  0%| F|  |TAMS 0x0000000088d00000, 0x0000000088d00000| Untracked 
| 116|0x0000000088e00000, 0x0000000088e00000, 0x0000000088f00000|  0%| F|  |TAMS 0x0000000088e00000, 0x0000000088e00000| Untracked 
| 117|0x0000000088f00000, 0x0000000088f00000, 0x0000000089000000|  0%| F|  |TAMS 0x0000000088f00000, 0x0000000088f00000| Untracked 
| 118|0x0000000089000000, 0x0000000089000000, 0x0000000089100000|  0%| F|  |TAMS 0x0000000089000000, 0x0000000089000000| Untracked 
| 119|0x0000000089100000, 0x0000000089100000, 0x0000000089200000|  0%| F|  |TAMS 0x0000000089100000, 0x0000000089100000| Untracked 
| 120|0x0000000089200000, 0x0000000089200000, 0x0000000089300000|  0%| F|  |TAMS 0x0000000089200000, 0x0000000089200000| Untracked 
| 121|0x0000000089300000, 0x0000000089300000, 0x0000000089400000|  0%| F|  |TAMS 0x0000000089300000, 0x0000000089300000| Untracked 
| 122|0x0000000089400000, 0x0000000089400000, 0x0000000089500000|  0%| F|  |TAMS 0x0000000089400000, 0x0000000089400000| Untracked 
| 123|0x0000000089500000, 0x0000000089500000, 0x0000000089600000|  0%| F|  |TAMS 0x0000000089500000, 0x0000000089500000| Untracked 
| 124|0x0000000089600000, 0x0000000089643108, 0x0000000089700000| 26%| E|  |TAMS 0x0000000089600000, 0x0000000089600000| Complete 
| 125|0x0000000089700000, 0x0000000089800000, 0x0000000089800000|100%| E|CS|TAMS 0x0000000089700000, 0x0000000089700000| Complete 
| 126|0x0000000089800000, 0x0000000089900000, 0x0000000089900000|100%| E|CS|TAMS 0x0000000089800000, 0x0000000089800000| Complete 
| 127|0x0000000089900000, 0x0000000089a00000, 0x0000000089a00000|100%| E|CS|TAMS 0x0000000089900000, 0x0000000089900000| Complete 

Card table byte_map: [0x0000028040da0000,0x00000280411a0000] _byte_map_base: 0x0000028040993000

Marking Bits (Prev, Next): (CMBitMap*) 0x0000028027212e20, (CMBitMap*) 0x0000028027212e60
 Prev Bits: [0x00000280415a0000, 0x0000028043538000)
 Next Bits: [0x0000028043540000, 0x00000280454d8000)

Polling page: 0x0000028027050000

Metaspace:

Usage:
  Non-class:      7.25 MB used.
      Class:    676.74 KB used.
       Both:      7.91 MB used.

Virtual space:
  Non-class space:        8.00 MB reserved,       7.31 MB ( 91%) committed,  1 nodes.
      Class space:        1.00 GB reserved,     768.00 KB ( <1%) committed,  1 nodes.
              Both:        1.01 GB reserved,       8.06 MB ( <1%) committed. 

Chunk freelists:
   Non-Class:  456.00 KB
       Class:  3.24 MB
        Both:  3.68 MB

MaxMetaspaceSize: 17179869184.00 GB
CompressedClassSpaceSize: 1.00 GB
 - commit_granule_bytes: 65536.
 - commit_granule_words: 8192.
 - virtual_space_node_default_size: 1048576.
 - enlarge_chunks_in_place: 1.
 - new_chunks_are_fully_committed: 0.
 - uncommit_free_chunks: 1.
 - use_allocation_guard: 0.
 - handle_deallocations: 1.


Internal statistics:

num_allocs_failed_limit: 0.
num_arena_births: 14.
num_arena_deaths: 0.
num_vsnodes_births: 2.
num_vsnodes_deaths: 0.
num_space_committed: 129.
num_space_uncommitted: 0.
num_chunks_returned_to_freelist: 0.
num_chunks_taken_from_freelist: 41.
num_chunk_merges: 0.
num_chunk_splits: 14.
num_chunks_enlarged: 5.
num_purges: 0.

CodeHeap 'non-profiled nmethods': size=120000Kb used=72Kb max_used=72Kb free=119927Kb
 bounds [0x0000028038e50000, 0x00000280390c0000, 0x0000028040380000]
CodeHeap 'profiled nmethods': size=120000Kb used=348Kb max_used=348Kb free=119651Kb
 bounds [0x0000028031920000, 0x0000028031b90000, 0x0000028038e50000]
CodeHeap 'non-nmethods': size=5760Kb used=1122Kb max_used=1136Kb free=4637Kb
 bounds [0x0000028031380000, 0x00000280315f0000, 0x0000028031920000]
 total_blobs=676 nmethods=277 adapters=312
 compilation: enabled
              stopped_count=0, restarted_count=0
 full_count=0

Compilation events (20 events):
Event: 1.110 Thread 0x0000028047b55f30 nmethod 267 0x0000028031974190 code [0x0000028031974360, 0x0000028031974638]
Event: 1.111 Thread 0x0000028047b55f30  268       1       java.util.LinkedHashMap::removeEldestEntry (2 bytes)
Event: 1.111 Thread 0x0000028047b55f30 nmethod 268 0x0000028038e61b90 code [0x0000028038e61d20, 0x0000028038e61df8]
Event: 1.111 Thread 0x0000028047b55f30  271       3       java.util.LinkedHashMap::linkNodeLast (33 bytes)
Event: 1.112 Thread 0x0000028047b55f30 nmethod 271 0x0000028031974710 code [0x00000280319748c0, 0x0000028031974bd8]
Event: 1.112 Thread 0x0000028047b55f30  272       3       java.util.LinkedHashMap::afterNodeInsertion (40 bytes)
Event: 1.112 Thread 0x0000028047b55f30 nmethod 272 0x0000028031974d10 code [0x0000028031974ec0, 0x00000280319750b8]
Event: 1.112 Thread 0x0000028047b55f30  269       3       java.util.LinkedHashMap::newNode (23 bytes)
Event: 1.112 Thread 0x0000028047b55f30 nmethod 269 0x0000028031975190 code [0x0000028031975360, 0x0000028031975748]
Event: 1.112 Thread 0x0000028047b55f30  270       3       java.util.LinkedHashMap$Entry::<init> (10 bytes)
Event: 1.112 Thread 0x0000028047b55f30 nmethod 270 0x0000028031975910 code [0x0000028031975ac0, 0x0000028031975d98]
Event: 1.112 Thread 0x0000028047b55f30  273       3       java.util.HashSet::contains (9 bytes)
Event: 1.113 Thread 0x0000028047b55f30 nmethod 273 0x0000028031975e90 code [0x0000028031976040, 0x00000280319762c8]
Event: 1.114 Thread 0x0000028047b55440  274       4       java.util.HashMap::put (13 bytes)
Event: 1.115 Thread 0x0000028047b55f30  275       3       jdk.internal.misc.Unsafe::putReferenceRelease (9 bytes)
Event: 1.115 Thread 0x0000028047b55f30 nmethod 275 0x0000028031976390 code [0x0000028031976520, 0x0000028031976678]
Event: 1.116 Thread 0x0000028047b55f30  277       3       java.util.concurrent.ConcurrentHashMap::setTabAt (20 bytes)
Event: 1.116 Thread 0x0000028047b55f30 nmethod 277 0x0000028031976710 code [0x00000280319768c0, 0x0000028031976ae8]
Event: 1.116 Thread 0x0000028047b55f30  279       3       java.lang.StringLatin1::inflate (34 bytes)
Event: 1.116 Thread 0x0000028047b55f30 nmethod 279 0x0000028031976b90 code [0x0000028031976d40, 0x0000028031976f58]

GC Heap History (0 events):
No events

Deoptimization events (4 events):
Event: 0.310 Thread 0x00000280271d23e0 Uncommon trap: trap_request=0xffffff45 fr.pc=0x0000028038e5d018 relative=0x0000000000000078
Event: 0.310 Thread 0x00000280271d23e0 Uncommon trap: reason=unstable_if action=reinterpret pc=0x0000028038e5d018 method=java.lang.String.isLatin1()Z @ 10 c2
Event: 0.310 Thread 0x00000280271d23e0 DEOPT PACKING pc=0x0000028038e5d018 sp=0x000000ed9fbff1a0
Event: 0.310 Thread 0x00000280271d23e0 DEOPT UNPACKING pc=0x00000280313cd72e sp=0x000000ed9fbff0e0 mode 2

Classes unloaded (0 events):
No events

Classes redefined (0 events):
No events

Internal exceptions (3 events):
Event: 0.323 Thread 0x0000028048754da0 Exception <a 'java/lang/NoSuchMethodError'{0x000000008974be88}: 'java.lang.Object java.lang.invoke.DirectMethodHandle$Holder.invokeStatic(java.lang.Object)'> (0x000000008974be88) 
thrown [c:\wsjdk\correttojdksrc\installers\windows\zip\corretto-build\buildroot\src\hotspot\share\interpreter\linkResolver.cpp, line 790]
Event: 0.324 Thread 0x0000028048754da0 Exception <a 'java/lang/NoSuchMethodError'{0x000000008974f798}: 'java.lang.Object java.lang.invoke.DirectMethodHandle$Holder.invokeStaticInit(java.lang.Object)'> (0x000000008974f798) 
thrown [c:\wsjdk\correttojdksrc\installers\windows\zip\corretto-build\buildroot\src\hotspot\share\interpreter\linkResolver.cpp, line 790]
Event: 0.334 Thread 0x0000028048754da0 Exception <a 'java/lang/NoSuchMethodError'{0x000000008975cd18}: 'void java.lang.invoke.DirectMethodHandle$Holder.invokeStatic(java.lang.Object, java.lang.Object)'> (0x000000008975cd18) 
thrown [c:\wsjdk\correttojdksrc\installers\windows\zip\corretto-build\buildroot\src\hotspot\share\interpreter\linkResolver.cpp, line 790]

Events (20 events):
Event: 1.109 loading class sun/util/resources/TimeZoneNamesBundle done
Event: 1.109 loading class sun/util/resources/cldr/TimeZoneNames done
Event: 1.109 loading class java/util/ResourceBundle$ResourceBundleProviderHelper
Event: 1.109 loading class java/util/ResourceBundle$ResourceBundleProviderHelper done
Event: 1.110 loading class sun/util/resources/Bundles$BundleReference
Event: 1.110 loading class sun/util/resources/Bundles$CacheKeyReference
Event: 1.110 loading class sun/util/resources/Bundles$CacheKeyReference done
Event: 1.110 loading class sun/util/resources/Bundles$BundleReference done
Event: 1.110 loading class sun/util/resources/cldr/TimeZoneNames_en
Event: 1.110 loading class sun/util/resources/cldr/TimeZoneNames_en done
Event: 1.110 loading class sun/util/resources/cldr/TimeZoneNames_en_US
Event: 1.110 loading class sun/util/resources/cldr/TimeZoneNames_en_US done
Event: 1.111 loading class java/util/LinkedHashMap$LinkedKeySet
Event: 1.112 loading class java/util/LinkedHashMap$LinkedKeySet done
Event: 1.112 loading class sun/util/locale/provider/LocaleResources$ResourceReference
Event: 1.112 loading class sun/util/locale/provider/LocaleResources$ResourceReference done
Event: 1.112 loading class sun/util/resources/TimeZoneNames
Event: 1.113 loading class sun/util/resources/TimeZoneNames done
Event: 1.113 loading class sun/util/resources/TimeZoneNames_en
Event: 1.113 loading class sun/util/resources/TimeZoneNames_en done


Dynamic libraries:
0x00007ff7f79a0000 - 0x00007ff7f79ad000 	C:\Users\usuario\.jdks\corretto-16.0.2\bin\java.exe
0x00007ffc09830000 - 0x00007ffc09a25000 	C:\Windows\SYSTEM32\ntdll.dll
0x00007ffc07880000 - 0x00007ffc0793d000 	C:\Windows\System32\KERNEL32.DLL
0x00007ffc070b0000 - 0x00007ffc0737d000 	C:\Windows\System32\KERNELBASE.dll
0x00007ffc06f40000 - 0x00007ffc07040000 	C:\Windows\System32\ucrtbase.dll
0x00007ffbf6ac0000 - 0x00007ffbf6ad5000 	C:\Users\usuario\.jdks\corretto-16.0.2\bin\VCRUNTIME140.dll
0x00007ffbf0540000 - 0x00007ffbf0558000 	C:\Users\usuario\.jdks\corretto-16.0.2\bin\jli.dll
0x00007ffc08c80000 - 0x00007ffc08e20000 	C:\Windows\System32\USER32.dll
0x00007ffc07410000 - 0x00007ffc07432000 	C:\Windows\System32\win32u.dll
0x00007ffc09110000 - 0x00007ffc0913a000 	C:\Windows\System32\GDI32.dll
0x00007ffc07610000 - 0x00007ffc0771b000 	C:\Windows\System32\gdi32full.dll
0x00007ffc07440000 - 0x00007ffc074dd000 	C:\Windows\System32\msvcp_win.dll
0x00007ffbf4680000 - 0x00007ffbf491a000 	C:\Windows\WinSxS\amd64_microsoft.windows.common-controls_6595b64144ccf1df_6.0.19041.1110_none_60b5254171f9507e\COMCTL32.dll
0x00007ffc091f0000 - 0x00007ffc0928e000 	C:\Windows\System32\msvcrt.dll
0x00007ffc090e0000 - 0x00007ffc09110000 	C:\Windows\System32\IMM32.DLL
0x00007ffbdd220000 - 0x00007ffbdd2bb000 	C:\Users\usuario\.jdks\corretto-16.0.2\bin\msvcp140.dll
0x00007ffbca210000 - 0x00007ffbcae19000 	C:\Users\usuario\.jdks\corretto-16.0.2\bin\server\jvm.dll
0x00007ffc09140000 - 0x00007ffc091ee000 	C:\Windows\System32\ADVAPI32.dll
0x00007ffc08450000 - 0x00007ffc084ec000 	C:\Windows\System32\sechost.dll
0x00007ffc07bb0000 - 0x00007ffc07cd5000 	C:\Windows\System32\RPCRT4.dll
0x00007ffc07a30000 - 0x00007ffc07a38000 	C:\Windows\System32\PSAPI.DLL
0x00007ffbf1490000 - 0x00007ffbf1499000 	C:\Windows\SYSTEM32\WSOCK32.dll
0x00007ffbe8240000 - 0x00007ffbe8267000 	C:\Windows\SYSTEM32\WINMM.dll
0x00007ffbfe070000 - 0x00007ffbfe07a000 	C:\Windows\SYSTEM32\VERSION.dll
0x00007ffc079c0000 - 0x00007ffc07a2b000 	C:\Windows\System32\WS2_32.dll
0x00007ffc057d0000 - 0x00007ffc057e2000 	C:\Windows\SYSTEM32\kernel.appcore.dll
0x00007ffbf6c00000 - 0x00007ffbf6c0a000 	C:\Users\usuario\.jdks\corretto-16.0.2\bin\jimage.dll
0x00007ffc054e0000 - 0x00007ffc056c4000 	C:\Windows\SYSTEM32\DBGHELP.DLL
0x00007ffbecde0000 - 0x00007ffbece0c000 	C:\Windows\SYSTEM32\dbgcore.DLL
0x00007ffc07380000 - 0x00007ffc07402000 	C:\Windows\System32\bcryptPrimitives.dll
0x00007ffbf5b90000 - 0x00007ffbf5b9e000 	C:\Users\usuario\.jdks\corretto-16.0.2\bin\instrument.dll
0x00007ffbf0510000 - 0x00007ffbf0535000 	C:\Users\usuario\.jdks\corretto-16.0.2\bin\java.dll
0x00007ffc07d00000 - 0x00007ffc08444000 	C:\Windows\System32\SHELL32.dll
0x00007ffc04c70000 - 0x00007ffc05404000 	C:\Windows\SYSTEM32\windows.storage.dll
0x00007ffc08920000 - 0x00007ffc08c74000 	C:\Windows\System32\combase.dll
0x00007ffc068d0000 - 0x00007ffc068fc000 	C:\Windows\SYSTEM32\Wldp.dll
0x00007ffc08e20000 - 0x00007ffc08ecd000 	C:\Windows\System32\SHCORE.dll
0x00007ffc08ed0000 - 0x00007ffc08f25000 	C:\Windows\System32\shlwapi.dll
0x00007ffc06e80000 - 0x00007ffc06e9f000 	C:\Windows\SYSTEM32\profapi.dll
0x00007ffbe4110000 - 0x00007ffbe4128000 	C:\Users\usuario\.jdks\corretto-16.0.2\bin\zip.dll
0x00007ffbe40f0000 - 0x00007ffbe4109000 	C:\Users\usuario\.jdks\corretto-16.0.2\bin\net.dll
0x00007ffbf4be0000 - 0x00007ffbf4cea000 	C:\Windows\SYSTEM32\WINHTTP.dll
0x00007ffc06630000 - 0x00007ffc0669a000 	C:\Windows\system32\mswsock.dll
0x00007ffbe13e0000 - 0x00007ffbe13f3000 	C:\Users\usuario\.jdks\corretto-16.0.2\bin\nio.dll
0x00007ffbe13c0000 - 0x00007ffbe13da000 	C:\Program Files\JetBrains\IntelliJ IDEA Community Edition 2022.1\bin\breakgen64.dll

dbghelp: loaded successfully - version: 4.0.5 - missing functions: none
symbol engine: initialized successfully - sym options: 0x614 - pdb path: .;C:\Users\usuario\.jdks\corretto-16.0.2\bin;C:\Windows\SYSTEM32;C:\Windows\WinSxS\amd64_microsoft.windows.common-controls_6595b64144ccf1df_6.0.19041.1110_none_60b5254171f9507e;C:\Users\usuario\.jdks\corretto-16.0.2\bin\server;C:\Program Files\JetBrains\IntelliJ IDEA Community Edition 2022.1\bin

VM Arguments:
jvm_args: -javaagent:C:\Program Files\JetBrains\IntelliJ IDEA Community Edition 2022.1\lib\idea_rt.jar=56891:C:\Program Files\JetBrains\IntelliJ IDEA Community Edition 2022.1\bin -Dfile.encoding=UTF-8 
java_command: MaiorQue0Kt
java_class_path (initial): C:\Users\usuario\Desktop\Atividades práticas\Atividades\Kotlin\ProjectHelloWorld\build\classes\kotlin\main;C:\Users\usuario\.gradle\caches\modules-2\files-2.1\org.jetbrains.kotlin\kotlin-stdlib-jdk8\1.6.20\dab8089bca6ac0e394c37281ea8cff2f99acd421\kotlin-stdlib-jdk8-1.6.20.jar;C:\Users\usuario\.gradle\caches\modules-2\files-2.1\org.jetbrains.kotlin\kotlin-stdlib-jdk7\1.6.20\f8629f336bad4001c89e9cffa5ef3d4b5d0f5e22\kotlin-stdlib-jdk7-1.6.20.jar;C:\Users\usuario\.gradle\caches\modules-2\files-2.1\org.jetbrains.kotlin\kotlin-stdlib\1.6.20\6cedc143badbb4f1c6b7f5a340b04edff1743208\kotlin-stdlib-1.6.20.jar;C:\Users\usuario\.gradle\caches\modules-2\files-2.1\org.jetbrains.kotlin\kotlin-stdlib-common\1.6.20\27b4562b6713d70f458c6d7ea39aadacb8e6a92b\kotlin-stdlib-common-1.6.20.jar;C:\Users\usuario\.gradle\caches\modules-2\files-2.1\org.jetbrains\annotations\13.0\919f0dfe192fb4e063e7dacadee7f8bb9a2672a9\annotations-13.0.jar
Launcher Type: SUN_STANDARD

[Global flags]
     intx CICompilerCount                          = 3                                         {product} {ergonomic}
     uint ConcGCThreads                            = 1                                         {product} {ergonomic}
     uint G1ConcRefinementThreads                  = 4                                         {product} {ergonomic}
   size_t G1HeapRegionSize                         = 1048576                                   {product} {ergonomic}
    uintx GCDrainStackTargetSize                   = 64                                        {product} {ergonomic}
   size_t InitialHeapSize                          = 134217728                                 {product} {ergonomic}
   size_t MarkStackSize                            = 4194304                                   {product} {ergonomic}
   size_t MaxHeapSize                              = 2120220672                                {product} {ergonomic}
   size_t MaxNewSize                               = 1271922688                                {product} {ergonomic}
   size_t MinHeapDeltaBytes                        = 1048576                                   {product} {ergonomic}
   size_t MinHeapSize                              = 8388608                                   {product} {ergonomic}
    uintx NonNMethodCodeHeapSize                   = 5832780                                {pd product} {ergonomic}
    uintx NonProfiledCodeHeapSize                  = 122912730                              {pd product} {ergonomic}
    uintx ProfiledCodeHeapSize                     = 122912730                              {pd product} {ergonomic}
    uintx ReservedCodeCacheSize                    = 251658240                              {pd product} {ergonomic}
     bool SegmentedCodeCache                       = true                                      {product} {ergonomic}
   size_t SoftMaxHeapSize                          = 2120220672                             {manageable} {ergonomic}
     bool UseCompressedClassPointers               = true                           {product lp64_product} {ergonomic}
     bool UseCompressedOops                        = true                           {product lp64_product} {ergonomic}
     bool UseG1GC                                  = true                                      {product} {ergonomic}
     bool UseLargePagesIndividualAllocation        = false                                  {pd product} {ergonomic}

Logging:
Log output configuration:
 #0: stdout all=warning uptime,level,tags
 #1: stderr all=off uptime,level,tags

Environment Variables:
JAVA_HOME=C:\Program Files\Java\jdk-17
PATH=C:\ProgramData\Oracle\Java\javapath;C:\Program Files\Common Files\Oracle\Java\javapath;C:\Windows\system32;C:\Windows;C:\Windows\System32\Wbem;C:\Windows\System32\WindowsPowerShell\v1.0\;C:\Windows\System32\OpenSSH\;C:\Program Files (x86)\Intel\Intel(R) Management Engine Components\DAL;C:\Program Files\Intel\Intel(R) Management Engine Components\DAL;C:\ProgramData\UNIVALI\Portugol Studio;C:\Program Files\Java\jdk-17\bin;C:\ProgramData\chocolatey\bin;C:\Program Files\Git\cmd;C:\Users\usuario\AppData\Local\Microsoft\WindowsApps
USERNAME=usuario
OS=Windows_NT
PROCESSOR_IDENTIFIER=Intel64 Family 6 Model 78 Stepping 3, GenuineIntel



---------------  S Y S T E M  ---------------

OS:
 Windows 10 , 64 bit Build 19041 (10.0.19041.1706)
OS uptime: 3 days 0:57 hours

CPU: total 4 (initial active 4) (2 cores per cpu, 2 threads per core) family 6 model 78 stepping 3 microcode 0xea, cx8, cmov, fxsr, ht, mmx, 3dnowpref, sse, sse2, sse3, ssse3, sse4.1, sse4.2, popcnt, lzcnt, tsc, tscinvbit, avx, avx2, aes, erms, clmul, bmi1, bmi2, adx, fma, vzeroupper, clflush, clflushopt

Memory: 4k page, system-wide physical 8083M (579M free)
TotalPageFile size 12179M (AvailPageFile size 0M)
current process WorkingSet (physical memory assigned to process): 37M, peak: 37M
current process commit charge ("private bytes"): 201M, peak: 201M

vm_info: OpenJDK 64-Bit Server VM (16.0.2+7) for windows-amd64 JRE (16.0.2+7), built on Jul 22 2021 01:11:46 by "Administrator" with MS VC++ 15.9 (VS2017)

END.
