#
# There is insufficient memory for the Java Runtime Environment to continue.
# Native memory allocation (mmap) failed to map 134217728 bytes for G1 virtual space
# Possible reasons:
#   The system is out of physical RAM or swap space
#   The process is running with CompressedOops enabled, and the Java Heap may be blocking the growth of the native heap
# Possible solutions:
#   Reduce memory load on the system
#   Increase physical memory or swap space
#   Check if swap backing store is full
#   Decrease Java heap size (-Xmx/-Xms)
#   Decrease number of Java threads
#   Decrease Java thread stack sizes (-Xss)
#   Set larger code cache with -XX:ReservedCodeCacheSize=
#   JVM is running with Unscaled Compressed Oops mode in which the Java heap is
#     placed in the first 4GB address space. The Java Heap base address is the
#     maximum limit for the native heap growth. Please use -XX:HeapBaseMinAddress
#     to set the Java Heap base and to place the Java Heap above 4GB virtual address.
# This output file may be truncated or incomplete.
#
#  Out of Memory Error (os_windows.cpp:3466), pid=11852, tid=11096
#
# JRE version:  (16.0.2+7) (build )
# Java VM: OpenJDK 64-Bit Server VM (16.0.2+7, mixed mode, sharing, tiered, compressed oops, compressed class ptrs, g1 gc, windows-amd64)
# No core dump will be written. Minidumps are not enabled by default on client versions of Windows
#

---------------  S U M M A R Y ------------

Command Line: -javaagent:C:\Program Files\JetBrains\IntelliJ IDEA Community Edition 2022.1\lib\idea_rt.jar=56910:C:\Program Files\JetBrains\IntelliJ IDEA Community Edition 2022.1\bin -Dfile.encoding=UTF-8 MaiorQue0Kt

Host: Intel(R) Core(TM) i5-6200U CPU @ 2.30GHz, 4 cores, 7G,  Windows 10 , 64 bit Build 19041 (10.0.19041.1706)
Time: Mon May 16 11:12:49 2022 Hora oficial do Brasil elapsed time: 0.021819 seconds (0d 0h 0m 0s)

---------------  T H R E A D  ---------------

Current thread (0x0000026562847070):  JavaThread "Unknown thread" [_thread_in_vm, id=11096, stack(0x000000d8e9700000,0x000000d8e9800000)]

Stack: [0x000000d8e9700000,0x000000d8e9800000]
Native frames: (J=compiled Java code, j=interpreted, Vv=VM code, C=native code)
V  [jvm.dll+0x647e0a]
V  [jvm.dll+0x7f0549]
V  [jvm.dll+0x7f1cfe]
V  [jvm.dll+0x7f2343]
V  [jvm.dll+0x23dd88]
V  [jvm.dll+0x644b4a]
V  [jvm.dll+0x639795]
V  [jvm.dll+0x2f66f9]
V  [jvm.dll+0x2fd516]
V  [jvm.dll+0x34999a]
V  [jvm.dll+0x349bdf]
V  [jvm.dll+0x2cc918]
V  [jvm.dll+0x2cdb49]
V  [jvm.dll+0x7c4431]
V  [jvm.dll+0x356ee1]
V  [jvm.dll+0x7a30b0]
V  [jvm.dll+0x3d4c55]
V  [jvm.dll+0x3d69f1]
C  [jli.dll+0x5243]
C  [ucrtbase.dll+0x21bb2]
C  [KERNEL32.DLL+0x17034]
C  [ntdll.dll+0x52651]


---------------  P R O C E S S  ---------------

Threads class SMR info:
_java_thread_list=0x00007ffbca9b73d8, length=0, elements={
}

Java Threads: ( => current thread )

Other Threads:
  0x0000026562886c30 GCTaskThread "GC Thread#0" [stack: 0x000000d8e9800000,0x000000d8e9900000] [id=1752]
  0x0000026562897930 ConcurrentGCThread "G1 Main Marker" [stack: 0x000000d8e9900000,0x000000d8e9a00000] [id=12984]
  0x0000026562899bf0 ConcurrentGCThread "G1 Conc#0" [stack: 0x000000d8e9a00000,0x000000d8e9b00000] [id=14096]

[error occurred during error reporting (printing all threads), id 0xc0000005, EXCEPTION_ACCESS_VIOLATION (0xc0000005) at pc=0x00007ffbca12e207]

VM state: not at safepoint (not fully initialized)

VM Mutex/Monitor currently owned by a thread:  ([mutex/lock_event])
[0x0000026562844690] Heap_lock - owner thread: 0x0000026562847070

Heap address: 0x0000000081a00000, size: 2022 MB, Compressed Oops mode: 32-bit

CDS archive(s) mapped at: [0x0000000000000000-0x0000000000000000-0x0000000000000000), size 0, SharedBaseAddress: 0x0000000800000000, ArchiveRelocationMode: 0.
Narrow klass base: 0x0000000000000000, Narrow klass shift: 0, Narrow klass range: 0x0

GC Precious Log:
<Empty>

Heap:
 garbage-first heap   total 0K, used 0K [0x0000000081a00000, 0x0000000100000000)
  region size 1024K, 0 young (0K), 0 survivors (0K)

[error occurred during error reporting (printing heap information), id 0xc0000005, EXCEPTION_ACCESS_VIOLATION (0xc0000005) at pc=0x00007ffbca4eff7d]

GC Heap History (0 events):
No events

Deoptimization events (0 events):
No events

Classes unloaded (0 events):
No events

Classes redefined (0 events):
No events

Internal exceptions (0 events):
No events

Events (1 events):
Event: 0.011 Loaded shared library C:\Users\usuario\.jdks\corretto-16.0.2\bin\java.dll


Dynamic libraries:
0x00007ff7f79a0000 - 0x00007ff7f79ad000 	C:\Users\usuario\.jdks\corretto-16.0.2\bin\java.exe
0x00007ffc09830000 - 0x00007ffc09a25000 	C:\Windows\SYSTEM32\ntdll.dll
0x00007ffc07880000 - 0x00007ffc0793d000 	C:\Windows\System32\KERNEL32.DLL
0x00007ffc070b0000 - 0x00007ffc0737d000 	C:\Windows\System32\KERNELBASE.dll
0x00007ffc06f40000 - 0x00007ffc07040000 	C:\Windows\System32\ucrtbase.dll
0x00007ffbf6ac0000 - 0x00007ffbf6ad8000 	C:\Users\usuario\.jdks\corretto-16.0.2\bin\jli.dll
0x00007ffbf0540000 - 0x00007ffbf0555000 	C:\Users\usuario\.jdks\corretto-16.0.2\bin\VCRUNTIME140.dll
0x00007ffc08c80000 - 0x00007ffc08e20000 	C:\Windows\System32\USER32.dll
0x00007ffc07410000 - 0x00007ffc07432000 	C:\Windows\System32\win32u.dll
0x00007ffc09110000 - 0x00007ffc0913a000 	C:\Windows\System32\GDI32.dll
0x00007ffbf4680000 - 0x00007ffbf491a000 	C:\Windows\WinSxS\amd64_microsoft.windows.common-controls_6595b64144ccf1df_6.0.19041.1110_none_60b5254171f9507e\COMCTL32.dll
0x00007ffc07610000 - 0x00007ffc0771b000 	C:\Windows\System32\gdi32full.dll
0x00007ffc091f0000 - 0x00007ffc0928e000 	C:\Windows\System32\msvcrt.dll
0x00007ffc07440000 - 0x00007ffc074dd000 	C:\Windows\System32\msvcp_win.dll
0x00007ffc090e0000 - 0x00007ffc09110000 	C:\Windows\System32\IMM32.DLL
0x00007ffbdd220000 - 0x00007ffbdd2bb000 	C:\Users\usuario\.jdks\corretto-16.0.2\bin\msvcp140.dll
0x00007ffbc9e50000 - 0x00007ffbcaa59000 	C:\Users\usuario\.jdks\corretto-16.0.2\bin\server\jvm.dll
0x00007ffc09140000 - 0x00007ffc091ee000 	C:\Windows\System32\ADVAPI32.dll
0x00007ffc08450000 - 0x00007ffc084ec000 	C:\Windows\System32\sechost.dll
0x00007ffc07bb0000 - 0x00007ffc07cd5000 	C:\Windows\System32\RPCRT4.dll
0x00007ffc07a30000 - 0x00007ffc07a38000 	C:\Windows\System32\PSAPI.DLL
0x00007ffbe8240000 - 0x00007ffbe8267000 	C:\Windows\SYSTEM32\WINMM.dll
0x00007ffbf1490000 - 0x00007ffbf1499000 	C:\Windows\SYSTEM32\WSOCK32.dll
0x00007ffbfe070000 - 0x00007ffbfe07a000 	C:\Windows\SYSTEM32\VERSION.dll
0x00007ffc079c0000 - 0x00007ffc07a2b000 	C:\Windows\System32\WS2_32.dll
0x00007ffc057d0000 - 0x00007ffc057e2000 	C:\Windows\SYSTEM32\kernel.appcore.dll
0x00007ffbf6c00000 - 0x00007ffbf6c0a000 	C:\Users\usuario\.jdks\corretto-16.0.2\bin\jimage.dll
0x00007ffc054e0000 - 0x00007ffc056c4000 	C:\Windows\SYSTEM32\DBGHELP.DLL
0x00007ffbecde0000 - 0x00007ffbece0c000 	C:\Windows\SYSTEM32\dbgcore.DLL
0x00007ffc07380000 - 0x00007ffc07402000 	C:\Windows\System32\bcryptPrimitives.dll
0x00007ffbf5b90000 - 0x00007ffbf5b9e000 	C:\Users\usuario\.jdks\corretto-16.0.2\bin\instrument.dll
0x00007ffbf0510000 - 0x00007ffbf0535000 	C:\Users\usuario\.jdks\corretto-16.0.2\bin\java.dll

dbghelp: loaded successfully - version: 4.0.5 - missing functions: none
symbol engine: initialized successfully - sym options: 0x614 - pdb path: .;C:\Users\usuario\.jdks\corretto-16.0.2\bin;C:\Windows\SYSTEM32;C:\Windows\WinSxS\amd64_microsoft.windows.common-controls_6595b64144ccf1df_6.0.19041.1110_none_60b5254171f9507e;C:\Users\usuario\.jdks\corretto-16.0.2\bin\server

VM Arguments:
jvm_args: -javaagent:C:\Program Files\JetBrains\IntelliJ IDEA Community Edition 2022.1\lib\idea_rt.jar=56910:C:\Program Files\JetBrains\IntelliJ IDEA Community Edition 2022.1\bin -Dfile.encoding=UTF-8 
java_command: MaiorQue0Kt
java_class_path (initial): C:\Users\usuario\Desktop\Atividades práticas\Atividades\Kotlin\ProjectHelloWorld\build\classes\kotlin\main;C:\Users\usuario\.gradle\caches\modules-2\files-2.1\org.jetbrains.kotlin\kotlin-stdlib-jdk8\1.6.20\dab8089bca6ac0e394c37281ea8cff2f99acd421\kotlin-stdlib-jdk8-1.6.20.jar;C:\Users\usuario\.gradle\caches\modules-2\files-2.1\org.jetbrains.kotlin\kotlin-stdlib-jdk7\1.6.20\f8629f336bad4001c89e9cffa5ef3d4b5d0f5e22\kotlin-stdlib-jdk7-1.6.20.jar;C:\Users\usuario\.gradle\caches\modules-2\files-2.1\org.jetbrains.kotlin\kotlin-stdlib\1.6.20\6cedc143badbb4f1c6b7f5a340b04edff1743208\kotlin-stdlib-1.6.20.jar;C:\Users\usuario\.gradle\caches\modules-2\files-2.1\org.jetbrains.kotlin\kotlin-stdlib-common\1.6.20\27b4562b6713d70f458c6d7ea39aadacb8e6a92b\kotlin-stdlib-common-1.6.20.jar;C:\Users\usuario\.gradle\caches\modules-2\files-2.1\org.jetbrains\annotations\13.0\919f0dfe192fb4e063e7dacadee7f8bb9a2672a9\annotations-13.0.jar
Launcher Type: SUN_STANDARD

[Global flags]
     intx CICompilerCount                          = 3                                         {product} {ergonomic}
     uint ConcGCThreads                            = 1                                         {product} {ergonomic}
     uint G1ConcRefinementThreads                  = 4                                         {product} {ergonomic}
   size_t G1HeapRegionSize                         = 1048576                                   {product} {ergonomic}
    uintx GCDrainStackTargetSize                   = 64                                        {product} {ergonomic}
   size_t InitialHeapSize                          = 134217728                                 {product} {ergonomic}
   size_t MarkStackSize                            = 4194304                                   {product} {ergonomic}
   size_t MaxHeapSize                              = 2120220672                                {product} {ergonomic}
   size_t MinHeapDeltaBytes                        = 1048576                                   {product} {ergonomic}
   size_t MinHeapSize                              = 8388608                                   {product} {ergonomic}
    uintx NonNMethodCodeHeapSize                   = 5832780                                {pd product} {ergonomic}
    uintx NonProfiledCodeHeapSize                  = 122912730                              {pd product} {ergonomic}
    uintx ProfiledCodeHeapSize                     = 122912730                              {pd product} {ergonomic}
    uintx ReservedCodeCacheSize                    = 251658240                              {pd product} {ergonomic}
     bool SegmentedCodeCache                       = true                                      {product} {ergonomic}
   size_t SoftMaxHeapSize                          = 2120220672                             {manageable} {ergonomic}
     bool UseCompressedClassPointers               = true                           {product lp64_product} {ergonomic}
     bool UseCompressedOops                        = true                           {product lp64_product} {ergonomic}
     bool UseG1GC                                  = true                                      {product} {ergonomic}
     bool UseLargePagesIndividualAllocation        = false                                  {pd product} {ergonomic}

Logging:
Log output configuration:
 #0: stdout all=warning uptime,level,tags
 #1: stderr all=off uptime,level,tags

Environment Variables:
JAVA_HOME=C:\Program Files\Java\jdk-17
PATH=C:\ProgramData\Oracle\Java\javapath;C:\Program Files\Common Files\Oracle\Java\javapath;C:\Windows\system32;C:\Windows;C:\Windows\System32\Wbem;C:\Windows\System32\WindowsPowerShell\v1.0\;C:\Windows\System32\OpenSSH\;C:\Program Files (x86)\Intel\Intel(R) Management Engine Components\DAL;C:\Program Files\Intel\Intel(R) Management Engine Components\DAL;C:\ProgramData\UNIVALI\Portugol Studio;C:\Program Files\Java\jdk-17\bin;C:\ProgramData\chocolatey\bin;C:\Program Files\Git\cmd;C:\Users\usuario\AppData\Local\Microsoft\WindowsApps
USERNAME=usuario
OS=Windows_NT
PROCESSOR_IDENTIFIER=Intel64 Family 6 Model 78 Stepping 3, GenuineIntel



---------------  S Y S T E M  ---------------

OS:
 Windows 10 , 64 bit Build 19041 (10.0.19041.1706)
OS uptime: 3 days 0:58 hours

CPU: total 4 (initial active 4) (2 cores per cpu, 2 threads per core) family 6 model 78 stepping 3 microcode 0xea, cx8, cmov, fxsr, ht, mmx, 3dnowpref, sse, sse2, sse3, ssse3, sse4.1, sse4.2, popcnt, lzcnt, tsc, tscinvbit, avx, avx2, aes, erms, clmul, bmi1, bmi2, adx, fma, vzeroupper, clflush, clflushopt

Memory: 4k page, system-wide physical 8083M (549M free)
TotalPageFile size 12179M (AvailPageFile size 103M)
current process WorkingSet (physical memory assigned to process): 10M, peak: 10M
current process commit charge ("private bytes"): 51M, peak: 179M

vm_info: OpenJDK 64-Bit Server VM (16.0.2+7) for windows-amd64 JRE (16.0.2+7), built on Jul 22 2021 01:11:46 by "Administrator" with MS VC++ 15.9 (VS2017)

END.
