#
# There is insufficient memory for the Java Runtime Environment to continue.
# Native memory allocation (mmap) failed to map 65536 bytes for Failed to commit metaspace.
# Possible reasons:
#   The system is out of physical RAM or swap space
#   The process is running with CompressedOops enabled, and the Java Heap may be blocking the growth of the native heap
# Possible solutions:
#   Reduce memory load on the system
#   Increase physical memory or swap space
#   Check if swap backing store is full
#   Decrease Java heap size (-Xmx/-Xms)
#   Decrease number of Java threads
#   Decrease Java thread stack sizes (-Xss)
#   Set larger code cache with -XX:ReservedCodeCacheSize=
#   JVM is running with Unscaled Compressed Oops mode in which the Java heap is
#     placed in the first 4GB address space. The Java Heap base address is the
#     maximum limit for the native heap growth. Please use -XX:HeapBaseMinAddress
#     to set the Java Heap base and to place the Java Heap above 4GB virtual address.
# This output file may be truncated or incomplete.
#
#  Out of Memory Error (virtualSpaceNode.cpp:108), pid=13100, tid=3464
#
# JRE version: OpenJDK Runtime Environment Corretto-16.0.2.7.1 (16.0.2+7) (build 16.0.2+7)
# Java VM: OpenJDK 64-Bit Server VM Corretto-16.0.2.7.1 (16.0.2+7, mixed mode, sharing, tiered, compressed oops, compressed class ptrs, g1 gc, windows-amd64)
# No core dump will be written. Minidumps are not enabled by default on client versions of Windows
#

---------------  S U M M A R Y ------------

Command Line: org.jetbrains.kotlin.cli.jvm.K2JVMCompiler @C:\Users\usuario\Desktop\Atividades práticas\Atividades\KotlinPOO\build\20220523_5206581270855732391.compiler.options

Host: Intel(R) Core(TM) i5-6200U CPU @ 2.30GHz, 4 cores, 7G,  Windows 10 , 64 bit Build 19041 (10.0.19041.1706)
Time: Mon May 23 22:10:15 2022 Hora oficial do Brasil elapsed time: 0.993491 seconds (0d 0h 0m 0s)

---------------  T H R E A D  ---------------

Current thread (0x00000253014252c0):  JavaThread "main" [_thread_in_vm, id=3464, stack(0x00000053eba00000,0x00000053ebb00000)]

Stack: [0x00000053eba00000,0x00000053ebb00000]
Native frames: (J=compiled Java code, j=interpreted, Vv=VM code, C=native code)
V  [jvm.dll+0x647e0a]
V  [jvm.dll+0x7f0549]
V  [jvm.dll+0x7f1cfe]
V  [jvm.dll+0x7f2343]
V  [jvm.dll+0x23dd88]
V  [jvm.dll+0x7ecd8b]
V  [jvm.dll+0x5ef1d6]
V  [jvm.dll+0x1bbdfe]
V  [jvm.dll+0x5f17f4]
V  [jvm.dll+0x5efad1]
V  [jvm.dll+0x5f9567]
V  [jvm.dll+0x1e5aaa]
V  [jvm.dll+0x1e5f35]
V  [jvm.dll+0x1e6ab9]
V  [jvm.dll+0x1dbef9]
V  [jvm.dll+0x51baa8]
V  [jvm.dll+0x76bd25]
V  [jvm.dll+0x3f62df]
V  [jvm.dll+0x3fc0eb]
C  [java.dll+0x17c8]

Java frames: (J=compiled Java code, j=interpreted, Vv=VM code)
j  java.lang.ClassLoader.defineClass1(Ljava/lang/ClassLoader;Ljava/lang/String;[BIILjava/security/ProtectionDomain;Ljava/lang/String;)Ljava/lang/Class;+0 java.base@16.0.2
j  java.lang.ClassLoader.defineClass(Ljava/lang/String;[BIILjava/security/ProtectionDomain;)Ljava/lang/Class;+27 java.base@16.0.2
J 499 c1 java.security.SecureClassLoader.defineClass(Ljava/lang/String;[BIILjava/security/CodeSource;)Ljava/lang/Class; java.base@16.0.2 (16 bytes) @ 0x000002530a49a48c [0x000002530a49a3c0+0x00000000000000cc]
J 456 c1 jdk.internal.loader.BuiltinClassLoader.defineClass(Ljava/lang/String;Ljdk/internal/loader/Resource;)Ljava/lang/Class; java.base@16.0.2 (121 bytes) @ 0x000002530a47944c [0x000002530a4784a0+0x0000000000000fac]
J 404 c1 jdk.internal.loader.BuiltinClassLoader.findClassOnClassPathOrNull(Ljava/lang/String;)Ljava/lang/Class; java.base@16.0.2 (64 bytes) @ 0x000002530a45e674 [0x000002530a45d5e0+0x0000000000001094]
J 218 c1 jdk.internal.loader.BuiltinClassLoader.loadClassOrNull(Ljava/lang/String;Z)Ljava/lang/Class; java.base@16.0.2 (143 bytes) @ 0x000002530a406f84 [0x000002530a406040+0x0000000000000f44]
J 314 c1 jdk.internal.loader.ClassLoaders$AppClassLoader.loadClass(Ljava/lang/String;Z)Ljava/lang/Class; java.base@16.0.2 (40 bytes) @ 0x000002530a42528c [0x000002530a424c60+0x000000000000062c]
J 313 c1 java.lang.ClassLoader.loadClass(Ljava/lang/String;)Ljava/lang/Class; java.base@16.0.2 (7 bytes) @ 0x000002530a4248cc [0x000002530a4247c0+0x000000000000010c]
v  ~StubRoutines::call_stub
j  java.lang.ClassLoader.defineClass1(Ljava/lang/ClassLoader;Ljava/lang/String;[BIILjava/security/ProtectionDomain;Ljava/lang/String;)Ljava/lang/Class;+0 java.base@16.0.2
j  java.lang.ClassLoader.defineClass(Ljava/lang/String;[BIILjava/security/ProtectionDomain;)Ljava/lang/Class;+27 java.base@16.0.2
J 499 c1 java.security.SecureClassLoader.defineClass(Ljava/lang/String;[BIILjava/security/CodeSource;)Ljava/lang/Class; java.base@16.0.2 (16 bytes) @ 0x000002530a49a48c [0x000002530a49a3c0+0x00000000000000cc]
J 456 c1 jdk.internal.loader.BuiltinClassLoader.defineClass(Ljava/lang/String;Ljdk/internal/loader/Resource;)Ljava/lang/Class; java.base@16.0.2 (121 bytes) @ 0x000002530a47944c [0x000002530a4784a0+0x0000000000000fac]
J 404 c1 jdk.internal.loader.BuiltinClassLoader.findClassOnClassPathOrNull(Ljava/lang/String;)Ljava/lang/Class; java.base@16.0.2 (64 bytes) @ 0x000002530a45e674 [0x000002530a45d5e0+0x0000000000001094]
J 218 c1 jdk.internal.loader.BuiltinClassLoader.loadClassOrNull(Ljava/lang/String;Z)Ljava/lang/Class; java.base@16.0.2 (143 bytes) @ 0x000002530a406f84 [0x000002530a406040+0x0000000000000f44]
J 314 c1 jdk.internal.loader.ClassLoaders$AppClassLoader.loadClass(Ljava/lang/String;Z)Ljava/lang/Class; java.base@16.0.2 (40 bytes) @ 0x000002530a42528c [0x000002530a424c60+0x000000000000062c]
J 313 c1 java.lang.ClassLoader.loadClass(Ljava/lang/String;)Ljava/lang/Class; java.base@16.0.2 (7 bytes) @ 0x000002530a4248cc [0x000002530a4247c0+0x000000000000010c]
v  ~StubRoutines::call_stub
j  kotlin.reflect.jvm.internal.impl.types.ErrorUtils$ErrorClassDescriptor.<init>(Lkotlin/reflect/jvm/internal/impl/name/Name;)V+43
j  kotlin.reflect.jvm.internal.impl.types.ErrorUtils.<clinit>()V+19
v  ~StubRoutines::call_stub
j  kotlin.reflect.jvm.internal.impl.types.TypeUtils.<clinit>()V+18
v  ~StubRoutines::call_stub
j  kotlin.reflect.jvm.internal.impl.descriptors.impl.AbstractClassDescriptor$1.invoke()Lkotlin/reflect/jvm/internal/impl/types/SimpleType;+19
j  kotlin.reflect.jvm.internal.impl.descriptors.impl.AbstractClassDescriptor$1.invoke()Ljava/lang/Object;+1
j  kotlin.reflect.jvm.internal.impl.storage.LockBasedStorageManager$LockBasedLazyValue.invoke()Ljava/lang/Object;+156
j  kotlin.reflect.jvm.internal.impl.storage.LockBasedStorageManager$LockBasedNotNullLazyValue.invoke()Ljava/lang/Object;+1
j  kotlin.reflect.jvm.internal.impl.descriptors.impl.AbstractClassDescriptor.getDefaultType()Lkotlin/reflect/jvm/internal/impl/types/SimpleType;+4
j  kotlin.reflect.jvm.internal.impl.builtins.jvm.JvmBuiltInsCustomizer.createMockJavaIoSerializableType(Lkotlin/reflect/jvm/internal/impl/storage/StorageManager;)Lkotlin/reflect/jvm/internal/impl/types/KotlinType;+100
j  kotlin.reflect.jvm.internal.impl.builtins.jvm.JvmBuiltInsCustomizer.<init>(Lkotlin/reflect/jvm/internal/impl/descriptors/ModuleDescriptor;Lkotlin/reflect/jvm/internal/impl/storage/StorageManager;Lkotlin/jvm/functions/Function0;)V+48
j  kotlin.reflect.jvm.internal.impl.builtins.jvm.JvmBuiltIns$customizer$2.invoke()Lkotlin/reflect/jvm/internal/impl/builtins/jvm/JvmBuiltInsCustomizer;+38
j  kotlin.reflect.jvm.internal.impl.builtins.jvm.JvmBuiltIns$customizer$2.invoke()Ljava/lang/Object;+1
j  kotlin.reflect.jvm.internal.impl.storage.LockBasedStorageManager$LockBasedLazyValue.invoke()Ljava/lang/Object;+156
j  kotlin.reflect.jvm.internal.impl.storage.LockBasedStorageManager$LockBasedNotNullLazyValue.invoke()Ljava/lang/Object;+1
j  kotlin.reflect.jvm.internal.impl.storage.StorageKt.getValue(Lkotlin/reflect/jvm/internal/impl/storage/NotNullLazyValue;Ljava/lang/Object;Lkotlin/reflect/KProperty;)Ljava/lang/Object;+13
j  kotlin.reflect.jvm.internal.impl.builtins.jvm.JvmBuiltIns.getCustomizer()Lkotlin/reflect/jvm/internal/impl/builtins/jvm/JvmBuiltInsCustomizer;+10
j  kotlin.reflect.jvm.internal.impl.load.kotlin.DeserializationComponentsForJava.<init>(Lkotlin/reflect/jvm/internal/impl/storage/StorageManager;Lkotlin/reflect/jvm/internal/impl/descriptors/ModuleDescriptor;Lkotlin/reflect/jvm/internal/impl/serialization/deserialization/DeserializationConfiguration;Lkotlin/reflect/jvm/internal/impl/load/kotlin/JavaClassDataFinder;Lkotlin/reflect/jvm/internal/impl/load/kotlin/BinaryClassAnnotationAndConstantLoaderImpl;Lkotlin/reflect/jvm/internal/impl/load/java/lazy/LazyJavaPackageFragmentProvider;Lkotlin/reflect/jvm/internal/impl/descriptors/NotFoundClasses;Lkotlin/reflect/jvm/internal/impl/serialization/deserialization/ErrorReporter;Lkotlin/reflect/jvm/internal/impl/incremental/components/LookupTracker;Lkotlin/reflect/jvm/internal/impl/serialization/deserialization/ContractDeserializer;Lkotlin/reflect/jvm/internal/impl/types/checker/NewKotlinTypeChecker;)V+161
j  kotlin.reflect.jvm.internal.impl.load.kotlin.DeserializationComponentsForJavaKt.makeDeserializationComponentsForJava(Lkotlin/reflect/jvm/internal/impl/descriptors/ModuleDescriptor;Lkotlin/reflect/jvm/internal/impl/storage/StorageManager;Lkotlin/reflect/jvm/internal/impl/descriptors/NotFoundClasses;Lkotlin/reflect/jvm/internal/impl/load/java/lazy/LazyJavaPackageFragmentProvider;Lkotlin/reflect/jvm/internal/impl/load/kotlin/KotlinClassFinder;Lkotlin/reflect/jvm/internal/impl/load/kotlin/DeserializedDescriptorResolver;Lkotlin/reflect/jvm/internal/impl/serialization/deserialization/ErrorReporter;)Lkotlin/reflect/jvm/internal/impl/load/kotlin/DeserializationComponentsForJava;+113
j  kotlin.reflect.jvm.internal.impl.load.kotlin.DeserializationComponentsForJava$Companion.createModuleData(Lkotlin/reflect/jvm/internal/impl/load/kotlin/KotlinClassFinder;Lkotlin/reflect/jvm/internal/impl/load/kotlin/KotlinClassFinder;Lkotlin/reflect/jvm/internal/impl/load/java/JavaClassFinder;Ljava/lang/String;Lkotlin/reflect/jvm/internal/impl/serialization/deserialization/ErrorReporter;Lkotlin/reflect/jvm/internal/impl/load/java/sources/JavaSourceElementFactory;)Lkotlin/reflect/jvm/internal/impl/load/kotlin/DeserializationComponentsForJava$Companion$ModuleData;+235
j  kotlin.reflect.jvm.internal.impl.descriptors.runtime.components.RuntimeModuleData$Companion.create(Ljava/lang/ClassLoader;)Lkotlin/reflect/jvm/internal/impl/descriptors/runtime/components/RuntimeModuleData;+85
j  kotlin.reflect.jvm.internal.ModuleByClassLoaderKt.getOrCreateModule(Ljava/lang/Class;)Lkotlin/reflect/jvm/internal/impl/descriptors/runtime/components/RuntimeModuleData;+72
j  kotlin.reflect.jvm.internal.KDeclarationContainerImpl$Data$moduleData$2.invoke()Lkotlin/reflect/jvm/internal/impl/descriptors/runtime/components/RuntimeModuleData;+7
j  kotlin.reflect.jvm.internal.KDeclarationContainerImpl$Data$moduleData$2.invoke()Ljava/lang/Object;+1
j  kotlin.reflect.jvm.internal.ReflectProperties$LazySoftVal.invoke()Ljava/lang/Object;+28
j  kotlin.reflect.jvm.internal.ReflectProperties$Val.getValue(Ljava/lang/Object;Ljava/lang/Object;)Ljava/lang/Object;+1
j  kotlin.reflect.jvm.internal.KDeclarationContainerImpl$Data.getModuleData()Lkotlin/reflect/jvm/internal/impl/descriptors/runtime/components/RuntimeModuleData;+10
j  kotlin.reflect.jvm.internal.KClassImpl$Data$descriptor$2.invoke()Lkotlin/reflect/jvm/internal/impl/descriptors/ClassDescriptor;+21
j  kotlin.reflect.jvm.internal.KClassImpl$Data$descriptor$2.invoke()Ljava/lang/Object;+1
j  kotlin.reflect.jvm.internal.ReflectProperties$LazySoftVal.invoke()Ljava/lang/Object;+28
j  kotlin.reflect.jvm.internal.ReflectProperties$Val.getValue(Ljava/lang/Object;Ljava/lang/Object;)Ljava/lang/Object;+1
j  kotlin.reflect.jvm.internal.KClassImpl$Data.getDescriptor()Lkotlin/reflect/jvm/internal/impl/descriptors/ClassDescriptor;+10
j  kotlin.reflect.jvm.internal.KClassImpl.getDescriptor()Lkotlin/reflect/jvm/internal/impl/descriptors/ClassDescriptor;+10
j  kotlin.reflect.jvm.internal.KClassImpl.getMemberScope$kotlin_reflection()Lkotlin/reflect/jvm/internal/impl/resolve/scopes/MemberScope;+1
j  kotlin.reflect.jvm.internal.KClassImpl$Data$declaredNonStaticMembers$2.invoke()Ljava/util/Collection;+8
j  kotlin.reflect.jvm.internal.KClassImpl$Data$declaredNonStaticMembers$2.invoke()Ljava/lang/Object;+1
j  kotlin.reflect.jvm.internal.ReflectProperties$LazySoftVal.invoke()Ljava/lang/Object;+28
j  kotlin.reflect.jvm.internal.ReflectProperties$Val.getValue(Ljava/lang/Object;Ljava/lang/Object;)Ljava/lang/Object;+1
j  kotlin.reflect.jvm.internal.KClassImpl$Data.getDeclaredNonStaticMembers()Ljava/util/Collection;+11
j  kotlin.reflect.jvm.internal.KClassImpl$Data$allNonStaticMembers$2.invoke()Ljava/util/List;+4
j  kotlin.reflect.jvm.internal.KClassImpl$Data$allNonStaticMembers$2.invoke()Ljava/lang/Object;+1
j  kotlin.reflect.jvm.internal.ReflectProperties$LazySoftVal.invoke()Ljava/lang/Object;+28
j  kotlin.reflect.jvm.internal.ReflectProperties$Val.getValue(Ljava/lang/Object;Ljava/lang/Object;)Ljava/lang/Object;+1
j  kotlin.reflect.jvm.internal.KClassImpl$Data.getAllNonStaticMembers()Ljava/util/Collection;+11
j  kotlin.reflect.full.KClasses.getMemberProperties(Lkotlin/reflect/KClass;)Ljava/util/Collection;+19
j  org.jetbrains.kotlin.cli.common.arguments.ParseCommandLineArgumentsKt.parsePreprocessedCommandLineArguments(Ljava/util/List;Lorg/jetbrains/kotlin/cli/common/arguments/CommonToolArguments;Lorg/jetbrains/kotlin/cli/common/arguments/ArgumentParseErrors;)V+7
j  org.jetbrains.kotlin.cli.common.arguments.ParseCommandLineArgumentsKt.parseCommandLineArguments(Ljava/util/List;Lorg/jetbrains/kotlin/cli/common/arguments/CommonToolArguments;)V+68
j  org.jetbrains.kotlin.cli.common.CLITool.exec(Ljava/io/PrintStream;Lorg/jetbrains/kotlin/config/Services;Lorg/jetbrains/kotlin/cli/common/messages/MessageRenderer;[Ljava/lang/String;)Lorg/jetbrains/kotlin/cli/common/ExitCode;+38
j  org.jetbrains.kotlin.cli.common.CLITool.exec(Ljava/io/PrintStream;Lorg/jetbrains/kotlin/cli/common/messages/MessageRenderer;[Ljava/lang/String;)Lorg/jetbrains/kotlin/cli/common/ExitCode;+25
j  org.jetbrains.kotlin.cli.common.CLITool$Companion.doMainNoExit(Lorg/jetbrains/kotlin/cli/common/CLITool;[Ljava/lang/String;Lorg/jetbrains/kotlin/cli/common/messages/MessageRenderer;)Lorg/jetbrains/kotlin/cli/common/ExitCode;+39
j  org.jetbrains.kotlin.cli.common.CLITool$Companion.doMainNoExit$default(Lorg/jetbrains/kotlin/cli/common/CLITool$Companion;Lorg/jetbrains/kotlin/cli/common/CLITool;[Ljava/lang/String;Lorg/jetbrains/kotlin/cli/common/messages/MessageRenderer;ILjava/lang/Object;)Lorg/jetbrains/kotlin/cli/common/ExitCode;+16
j  org.jetbrains.kotlin.cli.common.CLITool$Companion.doMain(Lorg/jetbrains/kotlin/cli/common/CLITool;[Ljava/lang/String;)V+57
j  org.jetbrains.kotlin.cli.jvm.K2JVMCompiler$Companion.main([Ljava/lang/String;)V+20
j  org.jetbrains.kotlin.cli.jvm.K2JVMCompiler.main([Ljava/lang/String;)V+4
v  ~StubRoutines::call_stub

---------------  P R O C E S S  ---------------

Threads class SMR info:
_java_thread_list=0x0000025321070d80, length=13, elements={
0x00000253014252c0, 0x0000025320558e20, 0x000002532055b1d0, 0x000002532056d400,
0x000002532056fe20, 0x0000025320570fc0, 0x00000253205719c0, 0x0000025320573ea0,
0x000002532057e5e0, 0x000002532057d2f0, 0x0000025321093400, 0x0000025321099c30,
0x000002532114f350
}

Java Threads: ( => current thread )
=>0x00000253014252c0 JavaThread "main" [_thread_in_vm, id=3464, stack(0x00000053eba00000,0x00000053ebb00000)]
  0x0000025320558e20 JavaThread "Reference Handler" daemon [_thread_blocked, id=6016, stack(0x00000053ec100000,0x00000053ec200000)]
  0x000002532055b1d0 JavaThread "Finalizer" daemon [_thread_blocked, id=2768, stack(0x00000053ec200000,0x00000053ec300000)]
  0x000002532056d400 JavaThread "Signal Dispatcher" daemon [_thread_blocked, id=12612, stack(0x00000053ec300000,0x00000053ec400000)]
  0x000002532056fe20 JavaThread "Attach Listener" daemon [_thread_blocked, id=6056, stack(0x00000053ec400000,0x00000053ec500000)]
  0x0000025320570fc0 JavaThread "Service Thread" daemon [_thread_blocked, id=20336, stack(0x00000053ec500000,0x00000053ec600000)]
  0x00000253205719c0 JavaThread "Monitor Deflation Thread" daemon [_thread_blocked, id=11568, stack(0x00000053ec600000,0x00000053ec700000)]
  0x0000025320573ea0 JavaThread "C2 CompilerThread0" daemon [_thread_blocked, id=18592, stack(0x00000053ec700000,0x00000053ec800000)]
  0x000002532057e5e0 JavaThread "C1 CompilerThread0" daemon [_thread_blocked, id=1148, stack(0x00000053ec800000,0x00000053ec900000)]
  0x000002532057d2f0 JavaThread "Sweeper thread" daemon [_thread_blocked, id=16380, stack(0x00000053ec900000,0x00000053eca00000)]
  0x0000025321093400 JavaThread "Notification Thread" daemon [_thread_blocked, id=10976, stack(0x00000053eca00000,0x00000053ecb00000)]
  0x0000025321099c30 JavaThread "Common-Cleaner" daemon [_thread_blocked, id=7600, stack(0x00000053ecc00000,0x00000053ecd00000)]
  0x000002532114f350 JavaThread "C2 CompilerThread1" daemon [_thread_blocked, id=3024, stack(0x00000053ecd00000,0x00000053ece00000)]

Other Threads:
  0x0000025320554af0 VMThread "VM Thread" [stack: 0x00000053ec000000,0x00000053ec100000] [id=9844]
  0x0000025321093920 WatcherThread [stack: 0x00000053ecb00000,0x00000053ecc00000] [id=15708]
  0x0000025301465b90 GCTaskThread "GC Thread#0" [stack: 0x00000053ebb00000,0x00000053ebc00000] [id=16028]
  0x00000253213502e0 GCTaskThread "GC Thread#1" [stack: 0x00000053ece00000,0x00000053ecf00000] [id=18764]
  0x0000025321391b60 GCTaskThread "GC Thread#2" [stack: 0x00000053ecf00000,0x00000053ed000000] [id=3152]
  0x0000025321391e70 GCTaskThread "GC Thread#3" [stack: 0x00000053ed000000,0x00000053ed100000] [id=14476]
  0x0000025301476730 ConcurrentGCThread "G1 Main Marker" [stack: 0x00000053ebc00000,0x00000053ebd00000] [id=8264]
  0x0000025301477040 ConcurrentGCThread "G1 Conc#0" [stack: 0x00000053ebd00000,0x00000053ebe00000] [id=10964]
  0x00000253014f1190 ConcurrentGCThread "G1 Refine#0" [stack: 0x00000053ebe00000,0x00000053ebf00000] [id=13288]
  0x00000253014f1ab0 ConcurrentGCThread "G1 Service" [stack: 0x00000053ebf00000,0x00000053ec000000] [id=2476]

Threads with active compile tasks:

VM state: not at safepoint (normal execution)

VM Mutex/Monitor currently owned by a thread:  ([mutex/lock_event])
[0x0000025301421300] MetaspaceExpand_lock - owner thread: 0x00000253014252c0

Heap address: 0x0000000081a00000, size: 2022 MB, Compressed Oops mode: 32-bit

CDS archive(s) mapped at: [0x0000000800000000-0x0000000800be0000-0x0000000800be0000), size 12451840, SharedBaseAddress: 0x0000000800000000, ArchiveRelocationMode: 0.
Compressed class space mapped at: 0x0000000800c00000-0x0000000840c00000, reserved size: 1073741824
Narrow klass base: 0x0000000800000000, Narrow klass shift: 3, Narrow klass range: 0x100000000

GC Precious Log:
 CPUs: 4 total, 4 available
 Memory: 8083M
 Large Page Support: Disabled
 NUMA Support: Disabled
 Compressed Oops: Enabled (32-bit)
 Heap Region Size: 1M
 Heap Min Capacity: 8M
 Heap Initial Capacity: 128M
 Heap Max Capacity: 2022M
 Pre-touch: Disabled
 Parallel Workers: 4
 Concurrent Workers: 1
 Concurrent Refinement Workers: 4
 Periodic GC: Disabled

Heap:
 garbage-first heap   total 131072K, used 8261K [0x0000000081a00000, 0x0000000100000000)
  region size 1024K, 6 young (6144K), 2 survivors (2048K)
 Metaspace       used 4761K, committed 4864K, reserved 1056768K
  class space    used 410K, committed 448K, reserved 1048576K

Heap Regions: E=young(eden), S=young(survivor), O=old, HS=humongous(starts), HC=humongous(continues), CS=collection set, F=free, OA=open archive, CA=closed archive, TAMS=top-at-mark-start (previous, next)
|   0|0x0000000081a00000, 0x0000000081b00000, 0x0000000081b00000|100%|HS|  |TAMS 0x0000000081a00000, 0x0000000081a00000| Complete 
|   1|0x0000000081b00000, 0x0000000081c00000, 0x0000000081c00000|100%|HC|  |TAMS 0x0000000081b00000, 0x0000000081b00000| Complete 
|   2|0x0000000081c00000, 0x0000000081d00000, 0x0000000081d00000|100%|HC|  |TAMS 0x0000000081c00000, 0x0000000081c00000| Complete 
|   3|0x0000000081d00000, 0x0000000081d00000, 0x0000000081e00000|  0%| F|  |TAMS 0x0000000081d00000, 0x0000000081d00000| Untracked 
|   4|0x0000000081e00000, 0x0000000081e11600, 0x0000000081f00000|  6%| O|  |TAMS 0x0000000081e00000, 0x0000000081e00000| Untracked 
|   5|0x0000000081f00000, 0x0000000081f00000, 0x0000000082000000|  0%| F|  |TAMS 0x0000000081f00000, 0x0000000081f00000| Untracked 
|   6|0x0000000082000000, 0x0000000082000000, 0x0000000082100000|  0%| F|  |TAMS 0x0000000082000000, 0x0000000082000000| Untracked 
|   7|0x0000000082100000, 0x0000000082100000, 0x0000000082200000|  0%| F|  |TAMS 0x0000000082100000, 0x0000000082100000| Untracked 
|   8|0x0000000082200000, 0x0000000082200000, 0x0000000082300000|  0%| F|  |TAMS 0x0000000082200000, 0x0000000082200000| Untracked 
|   9|0x0000000082300000, 0x0000000082300000, 0x0000000082400000|  0%| F|  |TAMS 0x0000000082300000, 0x0000000082300000| Untracked 
|  10|0x0000000082400000, 0x0000000082400000, 0x0000000082500000|  0%| F|  |TAMS 0x0000000082400000, 0x0000000082400000| Untracked 
|  11|0x0000000082500000, 0x0000000082500000, 0x0000000082600000|  0%| F|  |TAMS 0x0000000082500000, 0x0000000082500000| Untracked 
|  12|0x0000000082600000, 0x0000000082600000, 0x0000000082700000|  0%| F|  |TAMS 0x0000000082600000, 0x0000000082600000| Untracked 
|  13|0x0000000082700000, 0x0000000082700000, 0x0000000082800000|  0%| F|  |TAMS 0x0000000082700000, 0x0000000082700000| Untracked 
|  14|0x0000000082800000, 0x0000000082800000, 0x0000000082900000|  0%| F|  |TAMS 0x0000000082800000, 0x0000000082800000| Untracked 
|  15|0x0000000082900000, 0x0000000082900000, 0x0000000082a00000|  0%| F|  |TAMS 0x0000000082900000, 0x0000000082900000| Untracked 
|  16|0x0000000082a00000, 0x0000000082a00000, 0x0000000082b00000|  0%| F|  |TAMS 0x0000000082a00000, 0x0000000082a00000| Untracked 
|  17|0x0000000082b00000, 0x0000000082b00000, 0x0000000082c00000|  0%| F|  |TAMS 0x0000000082b00000, 0x0000000082b00000| Untracked 
|  18|0x0000000082c00000, 0x0000000082c00000, 0x0000000082d00000|  0%| F|  |TAMS 0x0000000082c00000, 0x0000000082c00000| Untracked 
|  19|0x0000000082d00000, 0x0000000082d00000, 0x0000000082e00000|  0%| F|  |TAMS 0x0000000082d00000, 0x0000000082d00000| Untracked 
|  20|0x0000000082e00000, 0x0000000082e00000, 0x0000000082f00000|  0%| F|  |TAMS 0x0000000082e00000, 0x0000000082e00000| Untracked 
|  21|0x0000000082f00000, 0x0000000082f00000, 0x0000000083000000|  0%| F|  |TAMS 0x0000000082f00000, 0x0000000082f00000| Untracked 
|  22|0x0000000083000000, 0x0000000083000000, 0x0000000083100000|  0%| F|  |TAMS 0x0000000083000000, 0x0000000083000000| Untracked 
|  23|0x0000000083100000, 0x0000000083100000, 0x0000000083200000|  0%| F|  |TAMS 0x0000000083100000, 0x0000000083100000| Untracked 
|  24|0x0000000083200000, 0x0000000083200000, 0x0000000083300000|  0%| F|  |TAMS 0x0000000083200000, 0x0000000083200000| Untracked 
|  25|0x0000000083300000, 0x0000000083300000, 0x0000000083400000|  0%| F|  |TAMS 0x0000000083300000, 0x0000000083300000| Untracked 
|  26|0x0000000083400000, 0x0000000083400000, 0x0000000083500000|  0%| F|  |TAMS 0x0000000083400000, 0x0000000083400000| Untracked 
|  27|0x0000000083500000, 0x0000000083500000, 0x0000000083600000|  0%| F|  |TAMS 0x0000000083500000, 0x0000000083500000| Untracked 
|  28|0x0000000083600000, 0x0000000083600000, 0x0000000083700000|  0%| F|  |TAMS 0x0000000083600000, 0x0000000083600000| Untracked 
|  29|0x0000000083700000, 0x0000000083700000, 0x0000000083800000|  0%| F|  |TAMS 0x0000000083700000, 0x0000000083700000| Untracked 
|  30|0x0000000083800000, 0x0000000083800000, 0x0000000083900000|  0%| F|  |TAMS 0x0000000083800000, 0x0000000083800000| Untracked 
|  31|0x0000000083900000, 0x0000000083900000, 0x0000000083a00000|  0%| F|  |TAMS 0x0000000083900000, 0x0000000083900000| Untracked 
|  32|0x0000000083a00000, 0x0000000083a00000, 0x0000000083b00000|  0%| F|  |TAMS 0x0000000083a00000, 0x0000000083a00000| Untracked 
|  33|0x0000000083b00000, 0x0000000083b00000, 0x0000000083c00000|  0%| F|  |TAMS 0x0000000083b00000, 0x0000000083b00000| Untracked 
|  34|0x0000000083c00000, 0x0000000083c00000, 0x0000000083d00000|  0%| F|  |TAMS 0x0000000083c00000, 0x0000000083c00000| Untracked 
|  35|0x0000000083d00000, 0x0000000083d00000, 0x0000000083e00000|  0%| F|  |TAMS 0x0000000083d00000, 0x0000000083d00000| Untracked 
|  36|0x0000000083e00000, 0x0000000083e00000, 0x0000000083f00000|  0%| F|  |TAMS 0x0000000083e00000, 0x0000000083e00000| Untracked 
|  37|0x0000000083f00000, 0x0000000083f00000, 0x0000000084000000|  0%| F|  |TAMS 0x0000000083f00000, 0x0000000083f00000| Untracked 
|  38|0x0000000084000000, 0x0000000084000000, 0x0000000084100000|  0%| F|  |TAMS 0x0000000084000000, 0x0000000084000000| Untracked 
|  39|0x0000000084100000, 0x0000000084100000, 0x0000000084200000|  0%| F|  |TAMS 0x0000000084100000, 0x0000000084100000| Untracked 
|  40|0x0000000084200000, 0x0000000084200000, 0x0000000084300000|  0%| F|  |TAMS 0x0000000084200000, 0x0000000084200000| Untracked 
|  41|0x0000000084300000, 0x0000000084300000, 0x0000000084400000|  0%| F|  |TAMS 0x0000000084300000, 0x0000000084300000| Untracked 
|  42|0x0000000084400000, 0x0000000084400000, 0x0000000084500000|  0%| F|  |TAMS 0x0000000084400000, 0x0000000084400000| Untracked 
|  43|0x0000000084500000, 0x0000000084500000, 0x0000000084600000|  0%| F|  |TAMS 0x0000000084500000, 0x0000000084500000| Untracked 
|  44|0x0000000084600000, 0x0000000084600000, 0x0000000084700000|  0%| F|  |TAMS 0x0000000084600000, 0x0000000084600000| Untracked 
|  45|0x0000000084700000, 0x0000000084700000, 0x0000000084800000|  0%| F|  |TAMS 0x0000000084700000, 0x0000000084700000| Untracked 
|  46|0x0000000084800000, 0x0000000084800000, 0x0000000084900000|  0%| F|  |TAMS 0x0000000084800000, 0x0000000084800000| Untracked 
|  47|0x0000000084900000, 0x0000000084900000, 0x0000000084a00000|  0%| F|  |TAMS 0x0000000084900000, 0x0000000084900000| Untracked 
|  48|0x0000000084a00000, 0x0000000084a00000, 0x0000000084b00000|  0%| F|  |TAMS 0x0000000084a00000, 0x0000000084a00000| Untracked 
|  49|0x0000000084b00000, 0x0000000084b00000, 0x0000000084c00000|  0%| F|  |TAMS 0x0000000084b00000, 0x0000000084b00000| Untracked 
|  50|0x0000000084c00000, 0x0000000084c00000, 0x0000000084d00000|  0%| F|  |TAMS 0x0000000084c00000, 0x0000000084c00000| Untracked 
|  51|0x0000000084d00000, 0x0000000084d00000, 0x0000000084e00000|  0%| F|  |TAMS 0x0000000084d00000, 0x0000000084d00000| Untracked 
|  52|0x0000000084e00000, 0x0000000084e00000, 0x0000000084f00000|  0%| F|  |TAMS 0x0000000084e00000, 0x0000000084e00000| Untracked 
|  53|0x0000000084f00000, 0x0000000084f00000, 0x0000000085000000|  0%| F|  |TAMS 0x0000000084f00000, 0x0000000084f00000| Untracked 
|  54|0x0000000085000000, 0x0000000085000000, 0x0000000085100000|  0%| F|  |TAMS 0x0000000085000000, 0x0000000085000000| Untracked 
|  55|0x0000000085100000, 0x0000000085100000, 0x0000000085200000|  0%| F|  |TAMS 0x0000000085100000, 0x0000000085100000| Untracked 
|  56|0x0000000085200000, 0x0000000085200000, 0x0000000085300000|  0%| F|  |TAMS 0x0000000085200000, 0x0000000085200000| Untracked 
|  57|0x0000000085300000, 0x0000000085300000, 0x0000000085400000|  0%| F|  |TAMS 0x0000000085300000, 0x0000000085300000| Untracked 
|  58|0x0000000085400000, 0x0000000085400000, 0x0000000085500000|  0%| F|  |TAMS 0x0000000085400000, 0x0000000085400000| Untracked 
|  59|0x0000000085500000, 0x0000000085500000, 0x0000000085600000|  0%| F|  |TAMS 0x0000000085500000, 0x0000000085500000| Untracked 
|  60|0x0000000085600000, 0x0000000085600000, 0x0000000085700000|  0%| F|  |TAMS 0x0000000085600000, 0x0000000085600000| Untracked 
|  61|0x0000000085700000, 0x0000000085700000, 0x0000000085800000|  0%| F|  |TAMS 0x0000000085700000, 0x0000000085700000| Untracked 
|  62|0x0000000085800000, 0x0000000085800000, 0x0000000085900000|  0%| F|  |TAMS 0x0000000085800000, 0x0000000085800000| Untracked 
|  63|0x0000000085900000, 0x0000000085900000, 0x0000000085a00000|  0%| F|  |TAMS 0x0000000085900000, 0x0000000085900000| Untracked 
|  64|0x0000000085a00000, 0x0000000085a00000, 0x0000000085b00000|  0%| F|  |TAMS 0x0000000085a00000, 0x0000000085a00000| Untracked 
|  65|0x0000000085b00000, 0x0000000085b00000, 0x0000000085c00000|  0%| F|  |TAMS 0x0000000085b00000, 0x0000000085b00000| Untracked 
|  66|0x0000000085c00000, 0x0000000085c00000, 0x0000000085d00000|  0%| F|  |TAMS 0x0000000085c00000, 0x0000000085c00000| Untracked 
|  67|0x0000000085d00000, 0x0000000085d00000, 0x0000000085e00000|  0%| F|  |TAMS 0x0000000085d00000, 0x0000000085d00000| Untracked 
|  68|0x0000000085e00000, 0x0000000085e00000, 0x0000000085f00000|  0%| F|  |TAMS 0x0000000085e00000, 0x0000000085e00000| Untracked 
|  69|0x0000000085f00000, 0x0000000085f00000, 0x0000000086000000|  0%| F|  |TAMS 0x0000000085f00000, 0x0000000085f00000| Untracked 
|  70|0x0000000086000000, 0x0000000086000000, 0x0000000086100000|  0%| F|  |TAMS 0x0000000086000000, 0x0000000086000000| Untracked 
|  71|0x0000000086100000, 0x0000000086100000, 0x0000000086200000|  0%| F|  |TAMS 0x0000000086100000, 0x0000000086100000| Untracked 
|  72|0x0000000086200000, 0x0000000086200000, 0x0000000086300000|  0%| F|  |TAMS 0x0000000086200000, 0x0000000086200000| Untracked 
|  73|0x0000000086300000, 0x0000000086300000, 0x0000000086400000|  0%| F|  |TAMS 0x0000000086300000, 0x0000000086300000| Untracked 
|  74|0x0000000086400000, 0x0000000086400000, 0x0000000086500000|  0%| F|  |TAMS 0x0000000086400000, 0x0000000086400000| Untracked 
|  75|0x0000000086500000, 0x0000000086500000, 0x0000000086600000|  0%| F|  |TAMS 0x0000000086500000, 0x0000000086500000| Untracked 
|  76|0x0000000086600000, 0x0000000086600000, 0x0000000086700000|  0%| F|  |TAMS 0x0000000086600000, 0x0000000086600000| Untracked 
|  77|0x0000000086700000, 0x0000000086700000, 0x0000000086800000|  0%| F|  |TAMS 0x0000000086700000, 0x0000000086700000| Untracked 
|  78|0x0000000086800000, 0x0000000086800000, 0x0000000086900000|  0%| F|  |TAMS 0x0000000086800000, 0x0000000086800000| Untracked 
|  79|0x0000000086900000, 0x0000000086900000, 0x0000000086a00000|  0%| F|  |TAMS 0x0000000086900000, 0x0000000086900000| Untracked 
|  80|0x0000000086a00000, 0x0000000086a00000, 0x0000000086b00000|  0%| F|  |TAMS 0x0000000086a00000, 0x0000000086a00000| Untracked 
|  81|0x0000000086b00000, 0x0000000086b00000, 0x0000000086c00000|  0%| F|  |TAMS 0x0000000086b00000, 0x0000000086b00000| Untracked 
|  82|0x0000000086c00000, 0x0000000086c00000, 0x0000000086d00000|  0%| F|  |TAMS 0x0000000086c00000, 0x0000000086c00000| Untracked 
|  83|0x0000000086d00000, 0x0000000086d00000, 0x0000000086e00000|  0%| F|  |TAMS 0x0000000086d00000, 0x0000000086d00000| Untracked 
|  84|0x0000000086e00000, 0x0000000086e00000, 0x0000000086f00000|  0%| F|  |TAMS 0x0000000086e00000, 0x0000000086e00000| Untracked 
|  85|0x0000000086f00000, 0x0000000086f00000, 0x0000000087000000|  0%| F|  |TAMS 0x0000000086f00000, 0x0000000086f00000| Untracked 
|  86|0x0000000087000000, 0x0000000087000000, 0x0000000087100000|  0%| F|  |TAMS 0x0000000087000000, 0x0000000087000000| Untracked 
|  87|0x0000000087100000, 0x0000000087100000, 0x0000000087200000|  0%| F|  |TAMS 0x0000000087100000, 0x0000000087100000| Untracked 
|  88|0x0000000087200000, 0x0000000087200000, 0x0000000087300000|  0%| F|  |TAMS 0x0000000087200000, 0x0000000087200000| Untracked 
|  89|0x0000000087300000, 0x0000000087300000, 0x0000000087400000|  0%| F|  |TAMS 0x0000000087300000, 0x0000000087300000| Untracked 
|  90|0x0000000087400000, 0x0000000087400000, 0x0000000087500000|  0%| F|  |TAMS 0x0000000087400000, 0x0000000087400000| Untracked 
|  91|0x0000000087500000, 0x0000000087500000, 0x0000000087600000|  0%| F|  |TAMS 0x0000000087500000, 0x0000000087500000| Untracked 
|  92|0x0000000087600000, 0x0000000087600000, 0x0000000087700000|  0%| F|  |TAMS 0x0000000087600000, 0x0000000087600000| Untracked 
|  93|0x0000000087700000, 0x0000000087700000, 0x0000000087800000|  0%| F|  |TAMS 0x0000000087700000, 0x0000000087700000| Untracked 
|  94|0x0000000087800000, 0x0000000087800000, 0x0000000087900000|  0%| F|  |TAMS 0x0000000087800000, 0x0000000087800000| Untracked 
|  95|0x0000000087900000, 0x0000000087900000, 0x0000000087a00000|  0%| F|  |TAMS 0x0000000087900000, 0x0000000087900000| Untracked 
|  96|0x0000000087a00000, 0x0000000087a00000, 0x0000000087b00000|  0%| F|  |TAMS 0x0000000087a00000, 0x0000000087a00000| Untracked 
|  97|0x0000000087b00000, 0x0000000087b00000, 0x0000000087c00000|  0%| F|  |TAMS 0x0000000087b00000, 0x0000000087b00000| Untracked 
|  98|0x0000000087c00000, 0x0000000087c00000, 0x0000000087d00000|  0%| F|  |TAMS 0x0000000087c00000, 0x0000000087c00000| Untracked 
|  99|0x0000000087d00000, 0x0000000087d00000, 0x0000000087e00000|  0%| F|  |TAMS 0x0000000087d00000, 0x0000000087d00000| Untracked 
| 100|0x0000000087e00000, 0x0000000087e00000, 0x0000000087f00000|  0%| F|  |TAMS 0x0000000087e00000, 0x0000000087e00000| Untracked 
| 101|0x0000000087f00000, 0x0000000087f00000, 0x0000000088000000|  0%| F|  |TAMS 0x0000000087f00000, 0x0000000087f00000| Untracked 
| 102|0x0000000088000000, 0x0000000088000000, 0x0000000088100000|  0%| F|  |TAMS 0x0000000088000000, 0x0000000088000000| Untracked 
| 103|0x0000000088100000, 0x0000000088100000, 0x0000000088200000|  0%| F|  |TAMS 0x0000000088100000, 0x0000000088100000| Untracked 
| 104|0x0000000088200000, 0x0000000088200000, 0x0000000088300000|  0%| F|  |TAMS 0x0000000088200000, 0x0000000088200000| Untracked 
| 105|0x0000000088300000, 0x0000000088300000, 0x0000000088400000|  0%| F|  |TAMS 0x0000000088300000, 0x0000000088300000| Untracked 
| 106|0x0000000088400000, 0x0000000088400000, 0x0000000088500000|  0%| F|  |TAMS 0x0000000088400000, 0x0000000088400000| Untracked 
| 107|0x0000000088500000, 0x0000000088500000, 0x0000000088600000|  0%| F|  |TAMS 0x0000000088500000, 0x0000000088500000| Untracked 
| 108|0x0000000088600000, 0x0000000088600000, 0x0000000088700000|  0%| F|  |TAMS 0x0000000088600000, 0x0000000088600000| Untracked 
| 109|0x0000000088700000, 0x0000000088700000, 0x0000000088800000|  0%| F|  |TAMS 0x0000000088700000, 0x0000000088700000| Untracked 
| 110|0x0000000088800000, 0x0000000088800000, 0x0000000088900000|  0%| F|  |TAMS 0x0000000088800000, 0x0000000088800000| Untracked 
| 111|0x0000000088900000, 0x0000000088900000, 0x0000000088a00000|  0%| F|  |TAMS 0x0000000088900000, 0x0000000088900000| Untracked 
| 112|0x0000000088a00000, 0x0000000088a00000, 0x0000000088b00000|  0%| F|  |TAMS 0x0000000088a00000, 0x0000000088a00000| Untracked 
| 113|0x0000000088b00000, 0x0000000088c00000, 0x0000000088c00000|100%| S|CS|TAMS 0x0000000088b00000, 0x0000000088b00000| Complete 
| 114|0x0000000088c00000, 0x0000000088d00000, 0x0000000088d00000|100%| S|CS|TAMS 0x0000000088c00000, 0x0000000088c00000| Complete 
| 115|0x0000000088d00000, 0x0000000088d00000, 0x0000000088e00000|  0%| F|  |TAMS 0x0000000088d00000, 0x0000000088d00000| Untracked 
| 116|0x0000000088e00000, 0x0000000088e00000, 0x0000000088f00000|  0%| F|  |TAMS 0x0000000088e00000, 0x0000000088e00000| Untracked 
| 117|0x0000000088f00000, 0x0000000088f00000, 0x0000000089000000|  0%| F|  |TAMS 0x0000000088f00000, 0x0000000088f00000| Untracked 
| 118|0x0000000089000000, 0x0000000089000000, 0x0000000089100000|  0%| F|  |TAMS 0x0000000089000000, 0x0000000089000000| Untracked 
| 119|0x0000000089100000, 0x0000000089100000, 0x0000000089200000|  0%| F|  |TAMS 0x0000000089100000, 0x0000000089100000| Untracked 
| 120|0x0000000089200000, 0x0000000089200000, 0x0000000089300000|  0%| F|  |TAMS 0x0000000089200000, 0x0000000089200000| Untracked 
| 121|0x0000000089300000, 0x0000000089300000, 0x0000000089400000|  0%| F|  |TAMS 0x0000000089300000, 0x0000000089300000| Untracked 
| 122|0x0000000089400000, 0x0000000089400000, 0x0000000089500000|  0%| F|  |TAMS 0x0000000089400000, 0x0000000089400000| Untracked 
| 123|0x0000000089500000, 0x0000000089500000, 0x0000000089600000|  0%| F|  |TAMS 0x0000000089500000, 0x0000000089500000| Untracked 
| 124|0x0000000089600000, 0x0000000089658b88, 0x0000000089700000| 34%| E|  |TAMS 0x0000000089600000, 0x0000000089600000| Complete 
| 125|0x0000000089700000, 0x0000000089800000, 0x0000000089800000|100%| E|CS|TAMS 0x0000000089700000, 0x0000000089700000| Complete 
| 126|0x0000000089800000, 0x0000000089900000, 0x0000000089900000|100%| E|CS|TAMS 0x0000000089800000, 0x0000000089800000| Complete 
| 127|0x0000000089900000, 0x0000000089a00000, 0x0000000089a00000|100%| E|CS|TAMS 0x0000000089900000, 0x0000000089900000| Complete 

Card table byte_map: [0x0000025319850000,0x0000025319c50000] _byte_map_base: 0x0000025319443000

Marking Bits (Prev, Next): (CMBitMap*) 0x00000253014660a0, (CMBitMap*) 0x00000253014660e0
 Prev Bits: [0x000002531a050000, 0x000002531bfe8000)
 Next Bits: [0x000002531bff0000, 0x000002531df88000)

Polling page: 0x0000025301510000

Metaspace:

Usage:
  Non-class:      4.25 MB used.
      Class:    410.69 KB used.
       Both:      4.65 MB used.

Virtual space:
  Non-class space:        8.00 MB reserved,       4.31 MB ( 54%) committed,  1 nodes.
      Class space:        1.00 GB reserved,     448.00 KB ( <1%) committed,  1 nodes.
              Both:        1.01 GB reserved,       4.75 MB ( <1%) committed. 

Chunk freelists:
   Non-Class:  560.00 KB
       Class:  3.38 MB
        Both:  3.92 MB

MaxMetaspaceSize: 17179869184.00 GB
CompressedClassSpaceSize: 1.00 GB
 - commit_granule_bytes: 65536.
 - commit_granule_words: 8192.
 - virtual_space_node_default_size: 1048576.
 - enlarge_chunks_in_place: 1.
 - new_chunks_are_fully_committed: 0.
 - uncommit_free_chunks: 1.
 - use_allocation_guard: 0.
 - handle_deallocations: 1.


Internal statistics:

num_allocs_failed_limit: 0.
num_arena_births: 8.
num_arena_deaths: 0.
num_vsnodes_births: 2.
num_vsnodes_deaths: 0.
num_space_committed: 76.
num_space_uncommitted: 0.
num_chunks_returned_to_freelist: 0.
num_chunks_taken_from_freelist: 150.
num_chunk_merges: 0.
num_chunk_splits: 127.
num_chunks_enlarged: 121.
num_purges: 0.

CodeHeap 'non-profiled nmethods': size=120000Kb used=137Kb max_used=137Kb free=119863Kb
 bounds [0x00000253118f0000, 0x0000025311b60000, 0x0000025318e20000]
CodeHeap 'profiled nmethods': size=120000Kb used=881Kb max_used=881Kb free=119118Kb
 bounds [0x000002530a3c0000, 0x000002530a630000, 0x00000253118f0000]
CodeHeap 'non-nmethods': size=5760Kb used=1151Kb max_used=1177Kb free=4608Kb
 bounds [0x0000025309e20000, 0x000002530a090000, 0x000002530a3c0000]
 total_blobs=937 nmethods=504 adapters=346
 compilation: enabled
              stopped_count=0, restarted_count=0
 full_count=0

Compilation events (20 events):
Event: 0.940 Thread 0x000002532057e5e0  494       3       kotlin.properties.ObservableProperty::<init> (10 bytes)
Event: 0.941 Thread 0x000002532057e5e0 nmethod 494 0x000002530a499590 code [0x000002530a499740, 0x000002530a4998f8]
Event: 0.966 Thread 0x0000025320573ea0  495       4       java.lang.String::equals (50 bytes)
Event: 0.968 Thread 0x000002532114f350  496       4       java.lang.String::checkBoundsBeginEnd (63 bytes)
Event: 0.969 Thread 0x0000025320573ea0 nmethod 495 0x0000025311911010 code [0x00000253119111a0, 0x0000025311911378]
Event: 0.970 Thread 0x000002532114f350 nmethod 496 0x0000025311911410 code [0x00000253119115a0, 0x0000025311911658]
Event: 0.972 Thread 0x0000025320573ea0  497       4       java.lang.String::substring (58 bytes)
Event: 0.980 Thread 0x0000025320573ea0 nmethod 497 0x0000025311911710 code [0x00000253119118c0, 0x0000025311911db8]
Event: 0.982 Thread 0x000002532057e5e0  498       3       java.security.CodeSource::<init> (52 bytes)
Event: 0.982 Thread 0x000002532057e5e0 nmethod 498 0x000002530a499990 code [0x000002530a499b80, 0x000002530a49a0b8]
Event: 0.982 Thread 0x000002532057e5e0  499       3       java.security.SecureClassLoader::defineClass (16 bytes)
Event: 0.983 Thread 0x000002532057e5e0 nmethod 499 0x000002530a49a210 code [0x000002530a49a3c0, 0x000002530a49a558]
Event: 0.983 Thread 0x000002532057e5e0  500   !   3       java.util.zip.ZipFile$ZipFileInflaterInputStream::close (67 bytes)
Event: 0.984 Thread 0x000002532057e5e0 nmethod 500 0x000002530a49a610 code [0x000002530a49a840, 0x000002530a49b0b8]
Event: 0.984 Thread 0x000002532057e5e0  501       3       java.util.zip.ZipFile$InflaterCleanupAction::run (12 bytes)
Event: 0.984 Thread 0x000002532057e5e0 nmethod 501 0x000002530a49b410 code [0x000002530a49b5c0, 0x000002530a49b708]
Event: 0.984 Thread 0x000002532057e5e0  502   !   3       java.util.zip.ZipFile$CleanableResource::releaseInflater (53 bytes)
Event: 0.985 Thread 0x000002532057e5e0 nmethod 502 0x000002530a49b810 code [0x000002530a49ba00, 0x000002530a49be28]
Event: 0.985 Thread 0x000002532057e5e0  503   !   3       java.util.zip.Inflater::reset (64 bytes)
Event: 0.985 Thread 0x000002532057e5e0 nmethod 503 0x000002530a49c090 code [0x000002530a49c260, 0x000002530a49c5b8]

GC Heap History (2 events):
Event: 0.837 GC heap before
{Heap before GC invocations=0 (full 0):
 garbage-first heap   total 131072K, used 16384K [0x0000000081a00000, 0x0000000100000000)
  region size 1024K, 13 young (13312K), 0 survivors (0K)
 Metaspace       used 3950K, committed 4096K, reserved 1056768K
  class space    used 311K, committed 384K, reserved 1048576K
}
Event: 0.842 GC heap after
{Heap after GC invocations=1 (full 0):
 garbage-first heap   total 131072K, used 5189K [0x0000000081a00000, 0x0000000100000000)
  region size 1024K, 2 young (2048K), 2 survivors (2048K)
 Metaspace       used 3950K, committed 4096K, reserved 1056768K
  class space    used 311K, committed 384K, reserved 1048576K
}

Deoptimization events (20 events):
Event: 0.182 Thread 0x00000253014252c0 DEOPT PACKING pc=0x000002530a3de2b6 sp=0x00000053ebafd800
Event: 0.182 Thread 0x00000253014252c0 DEOPT UNPACKING pc=0x0000025309e6dece sp=0x00000053ebafcd20 mode 0
Event: 0.182 Thread 0x00000253014252c0 DEOPT PACKING pc=0x000002530a3de2b6 sp=0x00000053ebafd800
Event: 0.182 Thread 0x00000253014252c0 DEOPT UNPACKING pc=0x0000025309e6dece sp=0x00000053ebafcd20 mode 0
Event: 0.182 Thread 0x00000253014252c0 DEOPT PACKING pc=0x000002530a3de2b6 sp=0x00000053ebafd800
Event: 0.182 Thread 0x00000253014252c0 DEOPT UNPACKING pc=0x0000025309e6dece sp=0x00000053ebafcd20 mode 0
Event: 0.182 Thread 0x00000253014252c0 DEOPT PACKING pc=0x000002530a3de2b6 sp=0x00000053ebafd800
Event: 0.182 Thread 0x00000253014252c0 DEOPT UNPACKING pc=0x0000025309e6dece sp=0x00000053ebafcd20 mode 0
Event: 0.182 Thread 0x00000253014252c0 DEOPT PACKING pc=0x000002530a3de2b6 sp=0x00000053ebafd800
Event: 0.183 Thread 0x00000253014252c0 DEOPT UNPACKING pc=0x0000025309e6dece sp=0x00000053ebafcd20 mode 0
Event: 0.183 Thread 0x00000253014252c0 DEOPT PACKING pc=0x000002530a3de2b6 sp=0x00000053ebafd800
Event: 0.183 Thread 0x00000253014252c0 DEOPT UNPACKING pc=0x0000025309e6dece sp=0x00000053ebafcd20 mode 0
Event: 0.183 Thread 0x00000253014252c0 DEOPT PACKING pc=0x000002530a3de2b6 sp=0x00000053ebafd800
Event: 0.183 Thread 0x00000253014252c0 DEOPT UNPACKING pc=0x0000025309e6dece sp=0x00000053ebafcd20 mode 0
Event: 0.183 Thread 0x00000253014252c0 DEOPT PACKING pc=0x000002530a3de2b6 sp=0x00000053ebafd800
Event: 0.183 Thread 0x00000253014252c0 DEOPT UNPACKING pc=0x0000025309e6dece sp=0x00000053ebafcd20 mode 0
Event: 0.414 Thread 0x00000253014252c0 DEOPT PACKING pc=0x000002530a3d8167 sp=0x00000053ebaf0c50
Event: 0.414 Thread 0x00000253014252c0 DEOPT UNPACKING pc=0x0000025309e6dece sp=0x00000053ebaf0070 mode 0
Event: 0.428 Thread 0x00000253014252c0 DEOPT PACKING pc=0x000002530a3d6751 sp=0x00000053ebafe070
Event: 0.428 Thread 0x00000253014252c0 DEOPT UNPACKING pc=0x0000025309e6dece sp=0x00000053ebafd4e8 mode 0

Classes unloaded (0 events):
No events

Classes redefined (0 events):
No events

Internal exceptions (1 events):
Event: 0.780 Thread 0x00000253014252c0 Exception <a 'java/lang/NoSuchMethodError'{0x0000000088d92d48}: 'void java.lang.invoke.DirectMethodHandle$Holder.invokeSpecial(java.lang.Object, java.lang.Object, java.lang.Object)'> (0x0000000088d92d48) 
thrown [c:\wsjdk\correttojdksrc\installers\windows\zip\corretto-build\buildroot\src\hotspot\share\interpreter\linkResolver.cpp, line 790]

Events (20 events):
Event: 0.826 loading class sun/net/www/protocol/jar/URLJarFile$URLJarFileCloseController done
Event: 0.826 loading class sun/net/www/protocol/jar/JarFileFactory done
Event: 0.827 loading class sun/net/www/protocol/file/FileURLConnection
Event: 0.828 loading class sun/net/www/URLConnection
Event: 0.828 loading class sun/net/www/URLConnection done
Event: 0.828 loading class sun/net/www/protocol/file/FileURLConnection done
Event: 0.828 loading class sun/net/www/MessageHeader
Event: 0.828 loading class sun/net/www/MessageHeader done
Event: 0.828 loading class sun/net/www/protocol/jar/URLJarFile
Event: 0.829 loading class sun/net/www/protocol/jar/URLJarFile done
Event: 0.829 Executing  VM operation: HandshakeAllThreads
Event: 0.829 Executing  VM operation: HandshakeAllThreads done
Event: 0.831 loading class sun/net/www/protocol/jar/URLJarFile$URLJarFileEntry
Event: 0.831 loading class sun/net/www/protocol/jar/URLJarFile$URLJarFileEntry done
Event: 0.831 loading class sun/net/www/protocol/jar/JarURLConnection$JarURLInputStream
Event: 0.831 loading class sun/net/www/protocol/jar/JarURLConnection$JarURLInputStream done
Event: 0.836 Executing  VM operation: G1CollectForAllocation
Event: 0.842 Executing  VM operation: G1CollectForAllocation done
Event: 0.947 loading class java/util/Collections$SingletonList
Event: 0.947 loading class java/util/Collections$SingletonList done


Dynamic libraries:
0x00007ff777cb0000 - 0x00007ff777cbd000 	C:\Users\usuario\.jdks\corretto-16.0.2\bin\java.exe
0x00007ff8c8690000 - 0x00007ff8c8885000 	C:\Windows\SYSTEM32\ntdll.dll
0x00007ff8c7d80000 - 0x00007ff8c7e3d000 	C:\Windows\System32\KERNEL32.DLL
0x00007ff8c62c0000 - 0x00007ff8c658d000 	C:\Windows\System32\KERNELBASE.dll
0x00007ff8c60d0000 - 0x00007ff8c61d0000 	C:\Windows\System32\ucrtbase.dll
0x00007ff89c150000 - 0x00007ff89c165000 	C:\Users\usuario\.jdks\corretto-16.0.2\bin\VCRUNTIME140.dll
0x00007ff89cec0000 - 0x00007ff89ced8000 	C:\Users\usuario\.jdks\corretto-16.0.2\bin\jli.dll
0x00007ff8b35c0000 - 0x00007ff8b385a000 	C:\Windows\WinSxS\amd64_microsoft.windows.common-controls_6595b64144ccf1df_6.0.19041.1110_none_60b5254171f9507e\COMCTL32.dll
0x00007ff8c7c20000 - 0x00007ff8c7cbe000 	C:\Windows\System32\msvcrt.dll
0x00007ff8c8400000 - 0x00007ff8c842a000 	C:\Windows\System32\GDI32.dll
0x00007ff8c5f00000 - 0x00007ff8c5f22000 	C:\Windows\System32\win32u.dll
0x00007ff8c5fc0000 - 0x00007ff8c60cb000 	C:\Windows\System32\gdi32full.dll
0x00007ff8c7e40000 - 0x00007ff8c7fe0000 	C:\Windows\System32\USER32.dll
0x00007ff8c61d0000 - 0x00007ff8c626d000 	C:\Windows\System32\msvcp_win.dll
0x00007ff8c8510000 - 0x00007ff8c8540000 	C:\Windows\System32\IMM32.DLL
0x00007ff893590000 - 0x00007ff89362b000 	C:\Users\usuario\.jdks\corretto-16.0.2\bin\msvcp140.dll
0x00007ff87e9c0000 - 0x00007ff87f5c9000 	C:\Users\usuario\.jdks\corretto-16.0.2\bin\server\jvm.dll
0x00007ff8c7170000 - 0x00007ff8c721e000 	C:\Windows\System32\ADVAPI32.dll
0x00007ff8c6f80000 - 0x00007ff8c701c000 	C:\Windows\System32\sechost.dll
0x00007ff8c7030000 - 0x00007ff8c7155000 	C:\Windows\System32\RPCRT4.dll
0x00007ff8c7020000 - 0x00007ff8c7028000 	C:\Windows\System32\PSAPI.DLL
0x00007ff8b0500000 - 0x00007ff8b0509000 	C:\Windows\SYSTEM32\WSOCK32.dll
0x00007ff8c7a80000 - 0x00007ff8c7aeb000 	C:\Windows\System32\WS2_32.dll
0x00007ff8a6060000 - 0x00007ff8a6087000 	C:\Windows\SYSTEM32\WINMM.dll
0x00007ff8bcd20000 - 0x00007ff8bcd2a000 	C:\Windows\SYSTEM32\VERSION.dll
0x00007ff8c4630000 - 0x00007ff8c4642000 	C:\Windows\SYSTEM32\kernel.appcore.dll
0x00007ff8bbc40000 - 0x00007ff8bbc4a000 	C:\Users\usuario\.jdks\corretto-16.0.2\bin\jimage.dll
0x00007ff8c3a40000 - 0x00007ff8c3c24000 	C:\Windows\SYSTEM32\DBGHELP.DLL
0x00007ff8ac580000 - 0x00007ff8ac5ac000 	C:\Windows\SYSTEM32\dbgcore.DLL
0x00007ff8c5f30000 - 0x00007ff8c5fb2000 	C:\Windows\System32\bcryptPrimitives.dll
0x00007ff89be80000 - 0x00007ff89bea5000 	C:\Users\usuario\.jdks\corretto-16.0.2\bin\java.dll
0x00007ff8c6830000 - 0x00007ff8c6f74000 	C:\Windows\System32\SHELL32.dll
0x00007ff8c3e80000 - 0x00007ff8c4614000 	C:\Windows\SYSTEM32\windows.storage.dll
0x00007ff8c72a0000 - 0x00007ff8c75f4000 	C:\Windows\System32\combase.dll
0x00007ff8c5730000 - 0x00007ff8c575c000 	C:\Windows\SYSTEM32\Wldp.dll
0x00007ff8c7cc0000 - 0x00007ff8c7d6d000 	C:\Windows\System32\SHCORE.dll
0x00007ff8c7220000 - 0x00007ff8c7275000 	C:\Windows\System32\shlwapi.dll
0x00007ff8c5ce0000 - 0x00007ff8c5cff000 	C:\Windows\SYSTEM32\profapi.dll
0x00007ff89bd20000 - 0x00007ff89bd39000 	C:\Users\usuario\.jdks\corretto-16.0.2\bin\net.dll
0x00007ff8b3a40000 - 0x00007ff8b3b4a000 	C:\Windows\SYSTEM32\WINHTTP.dll
0x00007ff8c5490000 - 0x00007ff8c54fa000 	C:\Windows\system32\mswsock.dll
0x00007ff89b650000 - 0x00007ff89b663000 	C:\Users\usuario\.jdks\corretto-16.0.2\bin\nio.dll
0x00007ff89b440000 - 0x00007ff89b458000 	C:\Users\usuario\.jdks\corretto-16.0.2\bin\zip.dll

dbghelp: loaded successfully - version: 4.0.5 - missing functions: none
symbol engine: initialized successfully - sym options: 0x614 - pdb path: .;C:\Users\usuario\.jdks\corretto-16.0.2\bin;C:\Windows\SYSTEM32;C:\Windows\WinSxS\amd64_microsoft.windows.common-controls_6595b64144ccf1df_6.0.19041.1110_none_60b5254171f9507e;C:\Users\usuario\.jdks\corretto-16.0.2\bin\server

VM Arguments:
java_command: org.jetbrains.kotlin.cli.jvm.K2JVMCompiler @C:\Users\usuario\Desktop\Atividades práticas\Atividades\KotlinPOO\build\20220523_5206581270855732391.compiler.options
java_class_path (initial): C:\Users\usuario\.gradle\caches\modules-2\files-2.1\org.jetbrains.kotlin\kotlin-compiler-embeddable\1.6.20\18f66cca4301c12893ebe4ef47d65c3d9d2bff9b\kotlin-compiler-embeddable-1.6.20.jar;C:\Users\usuario\.gradle\caches\modules-2\files-2.1\org.jetbrains.kotlin\kotlin-reflect\1.6.20\669965154723f1a712e8677af0cc5470dfdab81c\kotlin-reflect-1.6.20.jar;C:\Users\usuario\.gradle\caches\modules-2\files-2.1\org.jetbrains.kotlin\kotlin-stdlib\1.6.20\6cedc143badbb4f1c6b7f5a340b04edff1743208\kotlin-stdlib-1.6.20.jar;C:\Users\usuario\.gradle\caches\modules-2\files-2.1\org.jetbrains.kotlin\kotlin-script-runtime\1.6.20\a115c367e0fd9c8909293b208689afca0c88a6f1\kotlin-script-runtime-1.6.20.jar;C:\Users\usuario\.gradle\caches\modules-2\files-2.1\org.jetbrains.kotlin\kotlin-daemon-embeddable\1.6.20\d4cac343029f48f106c57f457384771165d7deb5\kotlin-daemon-embeddable-1.6.20.jar;C:\Users\usuario\.gradle\caches\modules-2\files-2.1\org.jetbrains.intellij.deps\trove4j\1.0.20200330\3afb14d5f9ceb459d724e907a21145e8ff394f02\trove4j-1.0.20200330.jar;C:\Users\usuario\.gradle\caches\modules-2\files-2.1\net.java.dev.jna\jna\5.6.0\330f2244e9030119ab3030fc3fededc86713d9cc\jna-5.6.0.jar;C:\Users\usuario\.gradle\caches\modules-2\files-2.1\org.jetbrains.kotlin\kotlin-stdlib-common\1.6.20\27b4562b6713d70f458c6d7ea39aadacb8e6a92b\kotlin-stdlib-common-1.6.20.jar;C:\Users\usuario\.gradle\caches\modules-2\files-2.1\org.jetbrains\annotations\13.0\919f0dfe192fb4e063e7dacadee7f8bb9a2672a9\annotations-13.0.jar
Launcher Type: SUN_STANDARD

[Global flags]
     intx CICompilerCount                          = 3                                         {product} {ergonomic}
     uint ConcGCThreads                            = 1                                         {product} {ergonomic}
     uint G1ConcRefinementThreads                  = 4                                         {product} {ergonomic}
   size_t G1HeapRegionSize                         = 1048576                                   {product} {ergonomic}
    uintx GCDrainStackTargetSize                   = 64                                        {product} {ergonomic}
   size_t InitialHeapSize                          = 134217728                                 {product} {ergonomic}
   size_t MarkStackSize                            = 4194304                                   {product} {ergonomic}
   size_t MaxHeapSize                              = 2120220672                                {product} {ergonomic}
   size_t MaxNewSize                               = 1271922688                                {product} {ergonomic}
   size_t MinHeapDeltaBytes                        = 1048576                                   {product} {ergonomic}
   size_t MinHeapSize                              = 8388608                                   {product} {ergonomic}
    uintx NonNMethodCodeHeapSize                   = 5832780                                {pd product} {ergonomic}
    uintx NonProfiledCodeHeapSize                  = 122912730                              {pd product} {ergonomic}
    uintx ProfiledCodeHeapSize                     = 122912730                              {pd product} {ergonomic}
    uintx ReservedCodeCacheSize                    = 251658240                              {pd product} {ergonomic}
     bool SegmentedCodeCache                       = true                                      {product} {ergonomic}
   size_t SoftMaxHeapSize                          = 2120220672                             {manageable} {ergonomic}
     bool UseCompressedClassPointers               = true                           {product lp64_product} {ergonomic}
     bool UseCompressedOops                        = true                           {product lp64_product} {ergonomic}
     bool UseG1GC                                  = true                                      {product} {ergonomic}
     bool UseLargePagesIndividualAllocation        = false                                  {pd product} {ergonomic}

Logging:
Log output configuration:
 #0: stdout all=warning uptime,level,tags
 #1: stderr all=off uptime,level,tags

Environment Variables:
JAVA_HOME=C:\Program Files\Java\jdk-17
PATH=C:\ProgramData\Oracle\Java\javapath;C:\Program Files\Common Files\Oracle\Java\javapath;C:\Windows\system32;C:\Windows;C:\Windows\System32\Wbem;C:\Windows\System32\WindowsPowerShell\v1.0\;C:\Windows\System32\OpenSSH\;C:\Program Files (x86)\Intel\Intel(R) Management Engine Components\DAL;C:\Program Files\Intel\Intel(R) Management Engine Components\DAL;C:\ProgramData\UNIVALI\Portugol Studio;C:\Program Files\Java\jdk-17\bin;C:\ProgramData\chocolatey\bin;C:\Program Files\Git\cmd;C:\Users\usuario\AppData\Local\Microsoft\WindowsApps
USERNAME=usuario
OS=Windows_NT
PROCESSOR_IDENTIFIER=Intel64 Family 6 Model 78 Stepping 3, GenuineIntel



---------------  S Y S T E M  ---------------

OS:
 Windows 10 , 64 bit Build 19041 (10.0.19041.1706)
OS uptime: 7 days 10:41 hours

CPU: total 4 (initial active 4) (2 cores per cpu, 2 threads per core) family 6 model 78 stepping 3 microcode 0xea, cx8, cmov, fxsr, ht, mmx, 3dnowpref, sse, sse2, sse3, ssse3, sse4.1, sse4.2, popcnt, lzcnt, tsc, tscinvbit, avx, avx2, aes, erms, clmul, bmi1, bmi2, adx, fma, vzeroupper, clflush, clflushopt

Memory: 4k page, system-wide physical 8083M (626M free)
TotalPageFile size 12179M (AvailPageFile size 1M)
current process WorkingSet (physical memory assigned to process): 59M, peak: 59M
current process commit charge ("private bytes"): 210M, peak: 210M

vm_info: OpenJDK 64-Bit Server VM (16.0.2+7) for windows-amd64 JRE (16.0.2+7), built on Jul 22 2021 01:11:46 by "Administrator" with MS VC++ 15.9 (VS2017)

END.
