#
# There is insufficient memory for the Java Runtime Environment to continue.
# Native memory allocation (mmap) failed to map 1048576 bytes for Failed to commit area from 0x14c00000 to 0x14d00000 of length 1048576.
# Possible reasons:
#   The system is out of physical RAM or swap space
#   In 32 bit mode, the process size limit was hit
# Possible solutions:
#   Reduce memory load on the system
#   Increase physical memory or swap space
#   Check if swap backing store is full
#   Use 64 bit Java on a 64 bit OS
#   Decrease Java heap size (-Xmx/-Xms)
#   Decrease number of Java threads
#   Decrease Java thread stack sizes (-Xss)
#   Set larger code cache with -XX:ReservedCodeCacheSize=
# This output file may be truncated or incomplete.
#
#  Out of Memory Error (os_windows.cpp:3331), pid=14768, tid=0x00002888
#
# JRE version: Java(TM) SE Runtime Environment (8.0_181-b13) (build 1.8.0_181-b13)
# Java VM: Java HotSpot(TM) Server VM (25.181-b13 mixed mode windows-x86 )
# Failed to write core dump. Minidumps are not enabled by default on client versions of Windows
#

---------------  T H R E A D  ---------------

Current thread (0x024ae000):  GCTaskThread [stack: 0x11d50000,0x11da0000] [id=10376]

Stack: [0x11d50000,0x11da0000],  sp=0x11d9d2ac,  free space=308k
Native frames: (J=compiled Java code, j=interpreted, Vv=VM code, C=native code)
V  [jvm.dll+0x1c368b]
V  [jvm.dll+0x1bbd58]
V  [jvm.dll+0x1db38e]
V  [jvm.dll+0x179131]
V  [jvm.dll+0x2ad84f]
V  [jvm.dll+0x2ada4b]
V  [jvm.dll+0x2ae7f3]
V  [jvm.dll+0x2b5a7f]
V  [jvm.dll+0x2b62d8]
V  [jvm.dll+0x2b647b]
V  [jvm.dll+0x2b696e]
V  [jvm.dll+0x29aefd]
V  [jvm.dll+0x29d293]
V  [jvm.dll+0x29ebee]
V  [jvm.dll+0x298f7c]
V  [jvm.dll+0x2990b8]
V  [jvm.dll+0x298a4a]
V  [jvm.dll+0x298cde]
V  [jvm.dll+0x2ae0fe]
V  [jvm.dll+0x2a2346]
V  [jvm.dll+0x488f1]
V  [jvm.dll+0x29d158]
V  [jvm.dll+0x4842b]
V  [jvm.dll+0x2b0a33]
V  [jvm.dll+0x2a4508]
V  [jvm.dll+0x1c40c2]
V  [jvm.dll+0x1dbd16]
C  [msvcr100.dll+0x5c556]
C  [msvcr100.dll+0x5c600]
C  [KERNEL32.DLL+0x1fa29]
C  [ntdll.dll+0x67a7e]
C  [ntdll.dll+0x67a4e]


---------------  P R O C E S S  ---------------

Java Threads: ( => current thread )
  0x253c7000 JavaThread "Exec Stream Pumper" daemon [_thread_in_native, id=9136, stack(0x023e0000,0x02430000)]
  0x253ca800 JavaThread "Exec Stream Pumper" daemon [_thread_blocked, id=17072, stack(0x02330000,0x02380000)]
  0x253ca000 JavaThread "pool-4-thread-1" [_thread_in_native, id=11652, stack(0x00970000,0x009c0000)]
  0x253c9400 JavaThread "Image Fetcher 3" daemon [_thread_blocked, id=3692, stack(0x00920000,0x00970000)]
  0x253c7400 JavaThread "pool-2-thread-1" [_thread_blocked, id=11124, stack(0x238b0000,0x23900000)]
  0x253c9c00 JavaThread "DestroyJavaVM" [_thread_blocked, id=15768, stack(0x026a0000,0x026f0000)]
  0x253c7c00 JavaThread "Swing-Shell" daemon [_thread_blocked, id=15500, stack(0x27790000,0x277e0000)]
  0x253c9000 JavaThread "TimerQueue" daemon [_thread_blocked, id=16656, stack(0x27700000,0x27750000)]
  0x24c6e000 JavaThread "Portugol-Studio (Swing)" [_thread_blocked, id=9372, stack(0x258b0000,0x25900000)]
  0x24c67800 JavaThread "Portugol-Studio (Thread principal)" [_thread_in_native, id=13584, stack(0x25820000,0x25870000)]
  0x24c78800 JavaThread "AWT-Windows" daemon [_thread_blocked, id=2664, stack(0x25590000,0x255e0000)]
  0x24c78000 JavaThread "AWT-Shutdown" [_thread_blocked, id=15316, stack(0x25500000,0x25550000)]
  0x24c75800 JavaThread "Java2D Disposer" daemon [_thread_blocked, id=17188, stack(0x25470000,0x254c0000)]
  0x22da6000 JavaThread "Service Thread" daemon [_thread_blocked, id=12292, stack(0x245f0000,0x24640000)]
  0x22d8c400 JavaThread "C1 CompilerThread2" daemon [_thread_blocked, id=16720, stack(0x24560000,0x245b0000)]
  0x22d8bc00 JavaThread "C2 CompilerThread1" daemon [_thread_blocked, id=4364, stack(0x244d0000,0x24520000)]
  0x22d7f000 JavaThread "C2 CompilerThread0" daemon [_thread_blocked, id=14588, stack(0x24440000,0x24490000)]
  0x22d7c800 JavaThread "Attach Listener" daemon [_thread_blocked, id=13144, stack(0x243b0000,0x24400000)]
  0x22d7c000 JavaThread "Signal Dispatcher" daemon [_thread_blocked, id=4688, stack(0x24360000,0x243b0000)]
  0x22d7b800 JavaThread "Surrogate Locker Thread (Concurrent GC)" daemon [_thread_blocked, id=3976, stack(0x233d0000,0x23420000)]
  0x22d67c00 JavaThread "Finalizer" daemon [_thread_blocked, id=6488, stack(0x24100000,0x24150000)]
  0x22d62800 JavaThread "Reference Handler" daemon [_thread_blocked, id=15424, stack(0x24070000,0x240c0000)]

Other Threads:
  0x22d4d400 VMThread [stack: 0x23fe0000,0x24030000] [id=8288]
  0x22de3c00 WatcherThread [stack: 0x24680000,0x246d0000] [id=6084]

=>0x024ae000 (exited) GCTaskThread [stack: 0x11d50000,0x11da0000] [id=10376]

VM state:at safepoint (normal execution)

VM Mutex/Monitor currently owned by a thread:  ([mutex/lock_event])
[0x0229b720] FreeList_lock - owner thread: 0x024ae000
[0x0229bc58] Threads_lock - owner thread: 0x22d4d400
[0x0229c548] Heap_lock - owner thread: 0x24c6e000

Heap:
 garbage-first heap   total 46080K, used 39020K [0x12200000, 0x123000b4, 0x22200000)
  region size 1024K, 1 young (1024K), 0 survivors (0K)
 Metaspace       used 26012K, capacity 26350K, committed 26496K, reserved 27008K

Heap Regions: (Y=young(eden), SU=young(survivor), HS=humongous(starts), HC=humongous(continues), CS=collection set, F=free, TS=gc time stamp, PTAMS=previous top-at-mark-start, NTAMS=next top-at-mark-start)
AC   0 HS    TS     0 PTAMS 0x12200000 NTAMS 0x122f9730 space 1024K,  97% used [0x12200000, 0x12300000)
AC   0  O    TS     0 PTAMS 0x12300000 NTAMS 0x12400000 space 1024K, 100% used [0x12300000, 0x12400000)
AC   0  O    TS     0 PTAMS 0x12400000 NTAMS 0x124ffd60 space 1024K,  99% used [0x12400000, 0x12500000)
AC   0  O    TS     0 PTAMS 0x12500000 NTAMS 0x125ffff0 space 1024K,  99% used [0x12500000, 0x12600000)
AC   0 HS    TS     0 PTAMS 0x12600000 NTAMS 0x126bfcb0 space 1024K,  74% used [0x12600000, 0x12700000)
AC   0 HS    TS     0 PTAMS 0x12700000 NTAMS 0x127bfcb0 space 1024K,  74% used [0x12700000, 0x12800000)
AC   0  O    TS     0 PTAMS 0x12800000 NTAMS 0x128ffff0 space 1024K,  99% used [0x12800000, 0x12900000)
AC   0 HS    TS     0 PTAMS 0x12900000 NTAMS 0x129bfcb0 space 1024K,  74% used [0x12900000, 0x12a00000)
AC   0  O    TS     0 PTAMS 0x12a00000 NTAMS 0x12affff0 space 1024K,  99% used [0x12a00000, 0x12b00000)
AC   0  O    TS     0 PTAMS 0x12b00000 NTAMS 0x12bfffd0 space 1024K,  99% used [0x12b00000, 0x12c00000)
AC   0  O    TS     0 PTAMS 0x12c00000 NTAMS 0x12cfffc8 space 1024K,  99% used [0x12c00000, 0x12d00000)
AC   0  O    TS     0 PTAMS 0x12d00000 NTAMS 0x12dfffe0 space 1024K,  99% used [0x12d00000, 0x12e00000)
AC   0  O    TS     0 PTAMS 0x12e00000 NTAMS 0x12ef0380 space 1024K,  93% used [0x12e00000, 0x12f00000)
AC   0 HS    TS     0 PTAMS 0x12f00000 NTAMS 0x12fbfcb0 space 1024K,  74% used [0x12f00000, 0x13000000)
AC   0 HS    TS     0 PTAMS 0x13000000 NTAMS 0x130bfcb0 space 1024K,  74% used [0x13000000, 0x13100000)
AC   0 HS    TS     0 PTAMS 0x13100000 NTAMS 0x131bfcb0 space 1024K,  74% used [0x13100000, 0x13200000)
AC   0  O    TS     0 PTAMS 0x13200000 NTAMS 0x132fdf08 space 1024K,  99% used [0x13200000, 0x13300000)
AC   0  O    TS     0 PTAMS 0x13300000 NTAMS 0x133fffa8 space 1024K,  99% used [0x13300000, 0x13400000)
AC   0 HS    TS     0 PTAMS 0x13400000 NTAMS 0x134bfcb0 space 1024K,  74% used [0x13400000, 0x13500000)
AC   0  O    TS     0 PTAMS 0x13500000 NTAMS 0x135fffd8 space 1024K,  99% used [0x13500000, 0x13600000)
AC   0 HS    TS     0 PTAMS 0x13600000 NTAMS 0x136bfcb0 space 1024K,  74% used [0x13600000, 0x13700000)
AC   0  O    TS     0 PTAMS 0x13700000 NTAMS 0x137ffff8 space 1024K,  99% used [0x13700000, 0x13800000)
AC   0 HS    TS     0 PTAMS 0x13800000 NTAMS 0x138bfcb0 space 1024K,  74% used [0x13800000, 0x13900000)
AC   0 HS    TS     0 PTAMS 0x13900000 NTAMS 0x139bfcb0 space 1024K,  74% used [0x13900000, 0x13a00000)
AC   0 HS    TS     0 PTAMS 0x13a00000 NTAMS 0x13abfcb0 space 1024K,  74% used [0x13a00000, 0x13b00000)
AC   0 HS    TS     0 PTAMS 0x13b00000 NTAMS 0x13cef510 space 2048K,  96% used [0x13b00000, 0x13d00000)
AC   0 HC    TS     0 PTAMS 0x13c00000 NTAMS 0x13c00000 space 1024K,  93% used [0x13c00000, 0x13d00000)
AC   0  O    TS     0 PTAMS 0x13d00000 NTAMS 0x13dffff8 space 1024K,  99% used [0x13d00000, 0x13e00000)
AC   0  O    TS     0 PTAMS 0x13e00000 NTAMS 0x13e488d0 space 1024K,  28% used [0x13e00000, 0x13f00000)
AC   0 HS    TS     0 PTAMS 0x13f00000 NTAMS 0x13fbfcb0 space 1024K,  74% used [0x13f00000, 0x14000000)
AC   0 HS    TS     0 PTAMS 0x14000000 NTAMS 0x140bfcb0 space 1024K,  74% used [0x14000000, 0x14100000)
AC   0  E CS TS     6 PTAMS 0x14100000 NTAMS 0x14100000 space 1024K, 100% used [0x14100000, 0x14200000)
AC   0 HS    TS     0 PTAMS 0x14200000 NTAMS 0x145d2010 space 4096K,  95% used [0x14200000, 0x14600000)
AC   0 HC    TS     0 PTAMS 0x14300000 NTAMS 0x14300000 space 1024K, 100% used [0x14300000, 0x14400000)
AC   0 HC    TS     0 PTAMS 0x14400000 NTAMS 0x14400000 space 1024K, 100% used [0x14400000, 0x14500000)
AC   0 HC    TS     0 PTAMS 0x14500000 NTAMS 0x14500000 space 1024K,  82% used [0x14500000, 0x14600000)
AC   0 HS    TS     0 PTAMS 0x14600000 NTAMS 0x146bfcb0 space 1024K,  74% used [0x14600000, 0x14700000)
AC   0 HS    TS     0 PTAMS 0x14700000 NTAMS 0x147bfcb0 space 1024K,  74% used [0x14700000, 0x14800000)
AC   0 HS    TS     0 PTAMS 0x14800000 NTAMS 0x148bfcb0 space 1024K,  74% used [0x14800000, 0x14900000)
AC   0 HS    TS     0 PTAMS 0x14900000 NTAMS 0x149bfcb0 space 1024K,  74% used [0x14900000, 0x14a00000)
AC   0 HS    TS     6 PTAMS 0x14a00000 NTAMS 0x14a00000 space 2048K,  96% used [0x14a00000, 0x14c00000)
AC   0 HC    TS     6 PTAMS 0x14b00000 NTAMS 0x14b00000 space 1024K,  93% used [0x14b00000, 0x14c00000)
AC   0 HS    TS     0 PTAMS 0x14e00000 NTAMS 0x14f7e090 space 2048K,  74% used [0x14e00000, 0x15000000)
AC   0 HC    TS     0 PTAMS 0x14f00000 NTAMS 0x14f00000 space 1024K,  49% used [0x14f00000, 0x15000000)

Card table byte_map: [0x22200000,0x22280000] byte_map_base: 0x2216f000

Marking Bits (Prev, Next): (CMBitMap*) 0x024fc3a0, (CMBitMap*) 0x024fc3cc
 Prev Bits: [0x22300000, 0x22700000)
 Next Bits: [0x22700000, 0x22b00000)

Polling page: 0x02470000

CodeCache: size=245760Kb used=12165Kb max_used=12232Kb free=233595Kb
 bounds [0x02760000, 0x03360000, 0x11760000]
 total_blobs=4975 nmethods=4667 adapters=219
 compilation: enabled

Compilation events (10 events):
Event: 201.573 Thread 0x22d8c400 5372       3       javax.swing.tree.VariableHeightLayoutCache$TreeStateNode::isVisible (45 bytes)
Event: 201.573 Thread 0x22d8c400 nmethod 5372 0x02c13fc8 code [0x02c14100, 0x02c1442c]
Event: 201.573 Thread 0x22d8bc00 5375       4       sun.java2d.SunGraphics2D::setFont (105 bytes)
Event: 201.573 Thread 0x22d8c400 5374  s    3       javax.swing.ImageIcon::paintIcon (40 bytes)
Event: 201.573 Thread 0x22d8c400 nmethod 5374 0x02f86d08 code [0x02f86e40, 0x02f87218]
Event: 201.573 Thread 0x22d8c400 5373       1       javax.swing.tree.DefaultTreeCellRenderer::getTextNonSelectionColor (5 bytes)
Event: 201.573 Thread 0x22d8c400 nmethod 5373 0x02c2f1c8 code [0x02c2f2c0, 0x02c2f360]
Event: 201.575 Thread 0x22d8bc00 nmethod 5375 0x02dc6648 code [0x02dc6740, 0x02dc68f0]
Event: 201.579 Thread 0x22d8c400 5376       3       java.awt.geom.Point2D$Double::setLocation (11 bytes)
Event: 201.579 Thread 0x22d8c400 nmethod 5376 0x02dc6408 code [0x02dc6500, 0x02dc65e0]

GC Heap History (10 events):
Event: 201.452 GC heap after
Heap after GC invocations=94 (full 2):
 garbage-first heap   total 41984K, used 36066K [0x12200000, 0x123000a4, 0x22200000)
  region size 1024K, 0 young (0K), 0 survivors (0K)
 Metaspace       used 26002K, capacity 26347K, committed 26496K, reserved 27008K
}
Event: 201.454 GC heap before
{Heap before GC invocations=94 (full 2):
 garbage-first heap   total 43008K, used 36066K [0x12200000, 0x123000a8, 0x22200000)
  region size 1024K, 1 young (1024K), 0 survivors (0K)
 Metaspace       used 26003K, capacity 26347K, committed 26496K, reserved 27008K
Event: 201.539 GC heap after
Heap after GC invocations=95 (full 3):
 garbage-first heap   total 41984K, used 36015K [0x12200000, 0x123000a4, 0x22200000)
  region size 1024K, 0 young (0K), 0 survivors (0K)
 Metaspace       used 26003K, capacity 26347K, committed 26496K, reserved 27008K
}
Event: 201.539 GC heap before
{Heap before GC invocations=95 (full 3):
 garbage-first heap   total 41984K, used 36015K [0x12200000, 0x123000a4, 0x22200000)
  region size 1024K, 0 young (0K), 0 survivors (0K)
 Metaspace       used 26003K, capacity 26347K, committed 26496K, reserved 27008K
Event: 201.540 GC heap after
Heap after GC invocations=96 (full 3):
 garbage-first heap   total 41984K, used 36015K [0x12200000, 0x123000a4, 0x22200000)
  region size 1024K, 0 young (0K), 0 survivors (0K)
 Metaspace       used 26003K, capacity 26347K, committed 26496K, reserved 27008K
}
Event: 201.540 GC heap before
{Heap before GC invocations=96 (full 3):
 garbage-first heap   total 41984K, used 36015K [0x12200000, 0x123000a4, 0x22200000)
  region size 1024K, 0 young (0K), 0 survivors (0K)
 Metaspace       used 26003K, capacity 26347K, committed 26496K, reserved 27008K
Event: 201.542 GC heap after
Heap after GC invocations=97 (full 3):
 garbage-first heap   total 41984K, used 36015K [0x12200000, 0x123000a4, 0x22200000)
  region size 1024K, 0 young (0K), 0 survivors (0K)
 Metaspace       used 26003K, capacity 26347K, committed 26496K, reserved 27008K
}
Event: 201.543 GC heap before
{Heap before GC invocations=97 (full 3):
 garbage-first heap   total 41984K, used 36015K [0x12200000, 0x123000a4, 0x22200000)
  region size 1024K, 0 young (0K), 0 survivors (0K)
 Metaspace       used 26003K, capacity 26347K, committed 26496K, reserved 27008K
Event: 201.544 GC heap after
Heap after GC invocations=98 (full 3):
 garbage-first heap   total 41984K, used 36015K [0x12200000, 0x123000a4, 0x22200000)
  region size 1024K, 0 young (0K), 0 survivors (0K)
 Metaspace       used 26003K, capacity 26347K, committed 26496K, reserved 27008K
}
Event: 201.583 GC heap before
{Heap before GC invocations=98 (full 3):
 garbage-first heap   total 45056K, used 39020K [0x12200000, 0x123000b0, 0x22200000)
  region size 1024K, 1 young (1024K), 0 survivors (0K)
 Metaspace       used 26012K, capacity 26350K, committed 26496K, reserved 27008K

Deoptimization events (10 events):
Event: 199.231 Thread 0x253ca000 Uncommon trap: reason=array_check action=maybe_recompile pc=0x0318bd28 method=org.antlr.v4.runtime.misc.Array2DHashSet.getOrAddImpl(Ljava/lang/Object;)Ljava/lang/Object; @ 74
Event: 199.231 Thread 0x253ca000 Uncommon trap: reason=array_check action=maybe_recompile pc=0x0318bd28 method=org.antlr.v4.runtime.misc.Array2DHashSet.getOrAddImpl(Ljava/lang/Object;)Ljava/lang/Object; @ 74
Event: 199.231 Thread 0x253ca000 Uncommon trap: reason=array_check action=maybe_recompile pc=0x031ad0cc method=org.antlr.v4.runtime.misc.Array2DHashSet.getOrAddImpl(Ljava/lang/Object;)Ljava/lang/Object; @ 128
Event: 199.231 Thread 0x253ca000 Uncommon trap: reason=array_check action=maybe_recompile pc=0x031ad0cc method=org.antlr.v4.runtime.misc.Array2DHashSet.getOrAddImpl(Ljava/lang/Object;)Ljava/lang/Object; @ 128
Event: 199.243 Thread 0x253ca000 Uncommon trap: reason=bimorphic action=maybe_recompile pc=0x02f8c568 method=java.util.regex.Pattern$Slice.match(Ljava/util/regex/Matcher;ILjava/lang/CharSequence;)Z @ 75
Event: 200.476 Thread 0x24c6e000 Uncommon trap: reason=array_check action=maybe_recompile pc=0x032e07f0 method=org.antlr.v4.runtime.misc.Array2DHashSet.getOrAddImpl(Ljava/lang/Object;)Ljava/lang/Object; @ 133
Event: 200.476 Thread 0x24c6e000 Uncommon trap: reason=array_check action=maybe_recompile pc=0x032e07f0 method=org.antlr.v4.runtime.misc.Array2DHashSet.getOrAddImpl(Ljava/lang/Object;)Ljava/lang/Object; @ 133
Event: 200.476 Thread 0x24c6e000 Uncommon trap: reason=array_check action=maybe_recompile pc=0x0330134c method=org.antlr.v4.runtime.misc.Array2DHashSet.getOrAddImpl(Ljava/lang/Object;)Ljava/lang/Object; @ 133
Event: 200.478 Thread 0x24c6e000 Uncommon trap: reason=bimorphic action=maybe_recompile pc=0x02f8c568 method=java.util.regex.Pattern$Slice.match(Ljava/util/regex/Matcher;ILjava/lang/CharSequence;)Z @ 75
Event: 201.571 Thread 0x24c6e000 Uncommon trap: reason=unstable_if action=reinterpret pc=0x0322ad54 method=java.awt.Container.findComponentAtImpl(IIZ)Ljava/awt/Component; @ 17

Classes redefined (0 events):
No events

Internal exceptions (10 events):
Event: 11.464 Thread 0x253c7400 Exception <a 'java/security/PrivilegedActionException'> (0x14c2b358) thrown at [C:\workspace\8-2-build-windows-i586-cygwin\jdk8u181\11358\hotspot\src\share\vm\prims\jvm.cpp, line 1435]
Event: 11.465 Thread 0x253c7400 Exception <a 'java/security/PrivilegedActionException'> (0x14c2c8a8) thrown at [C:\workspace\8-2-build-windows-i586-cygwin\jdk8u181\11358\hotspot\src\share\vm\prims\jvm.cpp, line 1435]
Event: 11.465 Thread 0x253c7400 Exception <a 'java/security/PrivilegedActionException'> (0x14c2caa8) thrown at [C:\workspace\8-2-build-windows-i586-cygwin\jdk8u181\11358\hotspot\src\share\vm\prims\jvm.cpp, line 1435]
Event: 14.014 Thread 0x253ca800 Exception <a 'java/lang/InterruptedException': sleep interrupted> (0x13e20670) thrown at [C:\workspace\8-2-build-windows-i586-cygwin\jdk8u181\11358\hotspot\src\share\vm\prims\jvm.cpp, line 3273]
Event: 14.015 Thread 0x253c7000 Exception <a 'java/lang/InterruptedException': sleep interrupted> (0x13e21980) thrown at [C:\workspace\8-2-build-windows-i586-cygwin\jdk8u181\11358\hotspot\src\share\vm\prims\jvm.cpp, line 3273]
Event: 14.037 Thread 0x253c8000 Exception <a 'java/lang/InterruptedException'> (0x13e2ff68) thrown at [C:\workspace\8-2-build-windows-i586-cygwin\jdk8u181\11358\hotspot\src\share\vm\runtime\objectMonitor.cpp, line 1684]
Event: 197.967 Thread 0x253c9400 Exception <a 'java/lang/InterruptedException': sleep interrupted> (0x13ead298) thrown at [C:\workspace\8-2-build-windows-i586-cygwin\jdk8u181\11358\hotspot\src\share\vm\prims\jvm.cpp, line 3273]
Event: 197.967 Thread 0x253c8000 Exception <a 'java/lang/InterruptedException': sleep interrupted> (0x13eae728) thrown at [C:\workspace\8-2-build-windows-i586-cygwin\jdk8u181\11358\hotspot\src\share\vm\prims\jvm.cpp, line 3273]
Event: 197.988 Thread 0x253ca000 Exception <a 'java/lang/InterruptedException'> (0x13eb3c68) thrown at [C:\workspace\8-2-build-windows-i586-cygwin\jdk8u181\11358\hotspot\src\share\vm\runtime\objectMonitor.cpp, line 1684]
Event: 199.163 Thread 0x253c9400 Exception <a 'java/lang/InterruptedException': sleep interrupted> (0x14af3780) thrown at [C:\workspace\8-2-build-windows-i586-cygwin\jdk8u181\11358\hotspot\src\share\vm\prims\jvm.cpp, line 3225]

Events (10 events):
Event: 201.562 Thread 0x22d8c400 flushing nmethod 0x0307f388
Event: 201.562 Thread 0x22d8c400 flushing nmethod 0x03117008
Event: 201.563 loading class br/univali/ps/ui/abas/Aba
Event: 201.563 loading class br/univali/ps/ui/abas/Aba done
Event: 201.564 Executing VM operation: ForceSafepoint
Event: 201.564 Executing VM operation: ForceSafepoint done
Event: 201.571 Thread 0x24c6e000 Uncommon trap: trap_request=0xffffff65 fr.pc=0x0322ad54
Event: 201.571 Thread 0x24c6e000 DEOPT PACKING pc=0x0322ad54 sp=0x258fd070
Event: 201.571 Thread 0x24c6e000 DEOPT UNPACKING pc=0x0279ae3c sp=0x258fd06c mode 2
Event: 201.583 Executing VM operation: G1IncCollectionPause


Dynamic libraries:
0x00600000 - 0x00633000 	C:\ProgramData\UNIVALI\Portugol Studio\java\java-windows\bin\javaw.exe
0x77b20000 - 0x77cc3000 	C:\Windows\SYSTEM32\ntdll.dll
0x775d0000 - 0x776c0000 	C:\Windows\System32\KERNEL32.DLL
0x773b0000 - 0x775c4000 	C:\Windows\System32\KERNELBASE.dll
0x76a30000 - 0x76aab000 	C:\Windows\System32\ADVAPI32.dll
0x77860000 - 0x7791f000 	C:\Windows\System32\msvcrt.dll
0x76800000 - 0x76876000 	C:\Windows\System32\sechost.dll
0x76ac0000 - 0x76b7e000 	C:\Windows\System32\RPCRT4.dll
0x75a40000 - 0x75bdc000 	C:\Windows\System32\USER32.dll
0x76b80000 - 0x76b98000 	C:\Windows\System32\win32u.dll
0x77ac0000 - 0x77ae3000 	C:\Windows\System32\GDI32.dll
0x75dd0000 - 0x75eac000 	C:\Windows\System32\gdi32full.dll
0x75f70000 - 0x75feb000 	C:\Windows\System32\msvcp_win.dll
0x76ba0000 - 0x76cc0000 	C:\Windows\System32\ucrtbase.dll
0x74420000 - 0x74630000 	C:\Windows\WinSxS\x86_microsoft.windows.common-controls_6595b64144ccf1df_6.0.19041.1110_none_a8625c1886757984\COMCTL32.dll
0x76cc0000 - 0x76ce5000 	C:\Windows\System32\IMM32.DLL
0x7c6e0000 - 0x7c79f000 	C:\ProgramData\UNIVALI\Portugol Studio\java\java-windows\jre\bin\msvcr100.dll
0x78cd0000 - 0x792fd000 	C:\ProgramData\UNIVALI\Portugol Studio\java\java-windows\jre\bin\server\jvm.dll
0x75ff0000 - 0x75ff6000 	C:\Windows\System32\PSAPI.DLL
0x741f0000 - 0x74218000 	C:\Windows\SYSTEM32\WINMM.dll
0x75030000 - 0x75038000 	C:\Windows\SYSTEM32\VERSION.dll
0x51ac0000 - 0x51ac8000 	C:\Windows\SYSTEM32\WSOCK32.dll
0x75f00000 - 0x75f63000 	C:\Windows\System32\WS2_32.dll
0x77f20000 - 0x77f50000 	C:\ProgramData\UNIVALI\Portugol Studio\java\java-windows\jre\bin\splashscreen.dll
0x75260000 - 0x752d4000 	C:\Windows\system32\uxtheme.dll
0x77130000 - 0x773b0000 	C:\Windows\System32\combase.dll
0x51ab0000 - 0x51abc000 	C:\ProgramData\UNIVALI\Portugol Studio\java\java-windows\jre\bin\verify.dll
0x77cd0000 - 0x77cf2000 	C:\ProgramData\UNIVALI\Portugol Studio\java\java-windows\jre\bin\java.dll
0x7c7d0000 - 0x7c7e4000 	C:\ProgramData\UNIVALI\Portugol Studio\java\java-windows\jre\bin\zip.dll
0x766c0000 - 0x76794000 	C:\Windows\System32\MSCTF.dll
0x77a20000 - 0x77ab6000 	C:\Windows\System32\OLEAUT32.dll
0x759e0000 - 0x759ef000 	C:\Windows\SYSTEM32\kernel.appcore.dll
0x767a0000 - 0x767ff000 	C:\Windows\System32\bcryptPrimitives.dll
0x6f6d0000 - 0x6f789000 	C:\Windows\SYSTEM32\textinputframework.dll
0x6f3b0000 - 0x6f62e000 	C:\Windows\System32\CoreUIComponents.dll
0x76880000 - 0x76907000 	C:\Windows\System32\SHCORE.dll
0x6f630000 - 0x6f6cb000 	C:\Windows\System32\CoreMessaging.dll
0x75340000 - 0x75369000 	C:\Windows\SYSTEM32\ntmarta.dll
0x6f2d0000 - 0x6f3ab000 	C:\Windows\SYSTEM32\wintypes.dll
0x76000000 - 0x765b5000 	C:\Windows\System32\SHELL32.dll
0x753d0000 - 0x759dc000 	C:\Windows\SYSTEM32\windows.storage.dll
0x753a0000 - 0x753c4000 	C:\Windows\SYSTEM32\Wldp.dll
0x759f0000 - 0x75a35000 	C:\Windows\System32\shlwapi.dll
0x75370000 - 0x75388000 	C:\Windows\SYSTEM32\profapi.dll
0x79300000 - 0x79447000 	C:\ProgramData\UNIVALI\Portugol Studio\java\java-windows\jre\bin\awt.dll
0x74e90000 - 0x74f2f000 	C:\Windows\SYSTEM32\apphelp.dll
0x743e0000 - 0x74406000 	C:\Windows\system32\DWMAPI.DLL
0x79460000 - 0x79564000 	C:\Windows\system32\opengl32.dll
0x795b0000 - 0x795ef000 	C:\Windows\SYSTEM32\GLU32.dll
0x776c0000 - 0x777a3000 	C:\Windows\System32\ole32.dll
0x7c7f0000 - 0x7c805000 	C:\ProgramData\UNIVALI\Portugol Studio\java\java-windows\jre\bin\net.dll
0x71130000 - 0x71182000 	C:\Windows\system32\mswsock.dll
0x7c450000 - 0x7c45f000 	C:\ProgramData\UNIVALI\Portugol Studio\java\java-windows\jre\bin\nio.dll
0x732f0000 - 0x73303000 	C:\Windows\SYSTEM32\CRYPTSP.dll
0x732c0000 - 0x732ef000 	C:\Windows\system32\rsaenh.dll
0x76970000 - 0x76989000 	C:\Windows\System32\bcrypt.dll
0x750b0000 - 0x750d5000 	C:\Windows\SYSTEM32\USERENV.dll
0x732b0000 - 0x732ba000 	C:\Windows\SYSTEM32\CRYPTBASE.dll
0x75110000 - 0x75142000 	C:\Windows\SYSTEM32\IPHLPAPI.DLL
0x76ab0000 - 0x76ab7000 	C:\Windows\System32\NSI.dll
0x74ff0000 - 0x75004000 	C:\Windows\SYSTEM32\dhcpcsvc6.DLL
0x74fd0000 - 0x74fe6000 	C:\Windows\SYSTEM32\dhcpcsvc.DLL
0x74f30000 - 0x74fc1000 	C:\Windows\SYSTEM32\DNSAPI.dll
0x795f0000 - 0x79614000 	C:\ProgramData\UNIVALI\Portugol Studio\java\java-windows\jre\bin\dcpr.dll
0x79620000 - 0x79659000 	C:\ProgramData\UNIVALI\Portugol Studio\java\java-windows\jre\bin\fontmanager.dll
0x79660000 - 0x79692000 	C:\ProgramData\UNIVALI\Portugol Studio\java\java-windows\jre\bin\t2k.dll
0x796a0000 - 0x796d2000 	C:\ProgramData\UNIVALI\Portugol Studio\java\java-windows\jre\bin\lcms.dll
0x50240000 - 0x502cd000 	C:\Windows\WinSxS\x86_microsoft.windows.common-controls_6595b64144ccf1df_5.82.19041.1110_none_c0da534e38c01f4d\comctl32.dll
0x769f0000 - 0x76a2b000 	C:\Windows\System32\CFGMGR32.dll
0x75d50000 - 0x75dce000 	C:\Windows\System32\clbcatq.dll
0x6f0c0000 - 0x6f182000 	C:\Windows\system32\propsys.dll
0x7c4a0000 - 0x7c4b3000 	C:\Windows\system32\NetworkExplorer.dll
0x6fcd0000 - 0x6fe41000 	C:\Windows\SYSTEM32\WindowsCodecs.dll
0x7a2c0000 - 0x7a308000 	C:\Windows\System32\thumbcache.dll
0x50000000 - 0x5001a000 	C:\Windows\SYSTEM32\MPR.dll
0x52480000 - 0x52489000 	C:\Windows\System32\drprov.dll
0x6e650000 - 0x6e697000 	C:\Windows\System32\WINSTA.dll
0x28780000 - 0x28799000 	C:\Windows\System32\ntlanman.dll
0x287a0000 - 0x287b9000 	C:\Windows\System32\davclnt.dll
0x51bb0000 - 0x51bba000 	C:\Windows\System32\DAVHLPR.dll
0x74180000 - 0x74191000 	C:\Windows\System32\wkscli.dll
0x70870000 - 0x7087e000 	C:\Windows\SYSTEM32\cscapi.dll
0x741a0000 - 0x741ab000 	C:\Windows\System32\netutils.dll
0x28850000 - 0x28893000 	C:\Windows\System32\dlnashext.dll
0x7a310000 - 0x7a359000 	C:\Windows\System32\PlayToDevice.dll
0x6dbf0000 - 0x6dc0b000 	C:\Windows\System32\DevDispItemProvider.dll
0x6ea60000 - 0x6eacb000 	C:\Windows\System32\MMDevApi.dll
0x6ea30000 - 0x6ea54000 	C:\Windows\System32\DEVOBJ.dll
0x7a3b0000 - 0x7a43b000 	C:\Windows\system32\wpdshext.dll
0x74a00000 - 0x74b67000 	C:\Windows\WinSxS\x86_microsoft.windows.gdiplus_6595b64144ccf1df_1.1.19041.1645_none_d94fdd3fe105c111\gdiplus.dll
0x7a440000 - 0x7a4c3000 	C:\Windows\System32\PortableDeviceApi.dll
0x76cf0000 - 0x77125000 	C:\Windows\System32\SETUPAPI.dll
0x75eb0000 - 0x75efd000 	C:\Windows\System32\WINTRUST.dll
0x77920000 - 0x77a1a000 	C:\Windows\System32\CRYPT32.dll
0x75390000 - 0x7539e000 	C:\Windows\System32\MSASN1.dll
0x7a4d0000 - 0x7a510000 	C:\Windows\system32\audiodev.dll
0x79900000 - 0x79b0d000 	C:\Windows\system32\WMVCore.DLL
0x7a510000 - 0x7a54d000 	C:\Windows\system32\WMASF.DLL
0x5dd40000 - 0x5de46000 	C:\Windows\system32\mfperfhelper.dll
0x6f050000 - 0x6f05b000 	C:\Windows\SYSTEM32\LINKINFO.dll
0x74240000 - 0x7424a000 	C:\Windows\SYSTEM32\Secur32.dll
0x741b0000 - 0x741d1000 	C:\Windows\SYSTEM32\SSPICLI.DLL
0x729b0000 - 0x729c5000 	C:\Windows\SYSTEM32\samcli.dll
0x51a90000 - 0x51aab000 	C:\Windows\SYSTEM32\SAMLIB.dll
0x79b50000 - 0x79b70000 	C:\ProgramData\UNIVALI\Portugol Studio\java\java-windows\jre\bin\sunec.dll
0x79b70000 - 0x79b79000 	C:\ProgramData\UNIVALI\Portugol Studio\java\java-windows\jre\bin\sunmscapi.dll
0x6f190000 - 0x6f198000 	C:\Windows\System32\rasadhlp.dll
0x6f060000 - 0x6f0b8000 	C:\Windows\System32\fwpuclnt.dll
0x5e120000 - 0x5e151000 	C:\Windows\system32\dataexchange.dll
0x68ff0000 - 0x69154000 	C:\Windows\system32\dcomp.dll
0x6c960000 - 0x6cb40000 	C:\Windows\system32\d3d11.dll
0x6cb40000 - 0x6cc02000 	C:\Windows\system32\dxgi.dll
0x6e150000 - 0x6e2df000 	C:\Windows\system32\twinapi.appcore.dll
0x6dbb0000 - 0x6dbc1000 	C:\Windows\system32\napinsp.dll
0x6db90000 - 0x6dba6000 	C:\Windows\system32\pnrpnsp.dll
0x6db80000 - 0x6db90000 	C:\Windows\system32\wshbth.dll
0x6db60000 - 0x6db76000 	C:\Windows\system32\NLAapi.dll
0x6db50000 - 0x6db5e000 	C:\Windows\System32\winrnr.dll
0x67b50000 - 0x67cd8000 	C:\Windows\SYSTEM32\dbghelp.dll

VM Arguments:
jvm_args: -Xms32m -Xmx256m -XX:MinHeapFreeRatio=5 -XX:MaxHeapFreeRatio=10 -XX:+UseG1GC -XX:+CMSClassUnloadingEnabled 
java_command: C:\ProgramData\UNIVALI\Portugol Studio/aplicacao/portugol-studio.jar C:\Users\usuario\Desktop\Atividades práticas\Portugol Atividade\Lista de exercicios dia 0405\4- parImparPositivoNegativo.por
java_class_path (initial): C:\ProgramData\UNIVALI\Portugol Studio/aplicacao/portugol-studio.jar
Launcher Type: SUN_STANDARD

Environment Variables:
JAVA_HOME=C:\Program Files\Java\jdk-17
PATH=C:\Program Files\Common Files\Oracle\Java\javapath;C:\Windows\system32;C:\Windows;C:\Windows\System32\Wbem;C:\Windows\System32\WindowsPowerShell\v1.0\;C:\Windows\System32\OpenSSH\;C:\Program Files (x86)\Intel\Intel(R) Management Engine Components\DAL;C:\Program Files\Intel\Intel(R) Management Engine Components\DAL;C:\ProgramData\UNIVALI\Portugol Studio;C:\Program Files\Java\jdk-17\bin;C:\ProgramData\chocolatey\bin;C:\Program Files\Git\cmd;C:\Users\usuario\AppData\Local\Microsoft\WindowsApps
USERNAME=usuario
OS=Windows_NT
PROCESSOR_IDENTIFIER=Intel64 Family 6 Model 78 Stepping 3, GenuineIntel



---------------  S Y S T E M  ---------------

OS: Windows 10.0 , 64 bit Build 19041 (10.0.19041.1645)

CPU:total 4 (initial active 4) (2 cores per cpu, 2 threads per core) family 6 model 78 stepping 3, cmov, cx8, fxsr, mmx, sse, sse2, sse3, ssse3, sse4.1, sse4.2, popcnt, avx, avx2, aes, clmul, erms, 3dnowpref, lzcnt, ht, tsc, tscinvbit, bmi1, bmi2, adx

Memory: 4k page, physical 8277756k(1214536k free), swap 12472060k(111244k free)

vm_info: Java HotSpot(TM) Server VM (25.181-b13) for windows-x86 JRE (1.8.0_181-b13), built on Jul  7 2018 03:15:00 by "java_re" with MS VC++ 10.0 (VS2010)

time: Wed May 04 16:55:35 2022
elapsed time: 201 seconds (0d 0h 3m 21s)

